#
# There is insufficient memory for the Java Runtime Environment to continue.
# Native memory allocation (malloc) failed to allocate 1048576 bytes. Error detail: AllocateHeap
# Possible reasons:
#   The system is out of physical RAM or swap space
#   This process is running with CompressedOops enabled, and the Java Heap may be blocking the growth of the native heap
# Possible solutions:
#   Reduce memory load on the system
#   Increase physical memory or swap space
#   Check if swap backing store is full
#   Decrease Java heap size (-Xmx/-Xms)
#   Decrease number of Java threads
#   Decrease Java thread stack sizes (-Xss)
#   Set larger code cache with -XX:ReservedCodeCacheSize=
#   JVM is running with Unscaled Compressed Oops mode in which the Java heap is
#     placed in the first 4GB address space. The Java Heap base address is the
#     maximum limit for the native heap growth. Please use -XX:HeapBaseMinAddress
#     to set the Java Heap base and to place the Java Heap above 4GB virtual address.
# This output file may be truncated or incomplete.
#
#  Out of Memory Error (allocation.cpp:44), pid=8892, tid=4776
#
# JRE version: OpenJDK Runtime Environment Temurin-21.0.8+9 (21.0.8+9) (build 21.0.8+9-LTS)
# Java VM: OpenJDK 64-Bit Server VM Temurin-21.0.8+9 (21.0.8+9-LTS, mixed mode, sharing, tiered, compressed oops, compressed class ptrs, parallel gc, windows-amd64)
# No core dump will be written. Minidumps are not enabled by default on client versions of Windows
#

---------------  S U M M A R Y ------------

Command Line: --add-modules=ALL-SYSTEM --add-opens=java.base/java.util=ALL-UNNAMED --add-opens=java.base/java.lang=ALL-UNNAMED --add-opens=java.base/sun.nio.fs=ALL-UNNAMED -Declipse.application=org.eclipse.jdt.ls.core.id1 -Dosgi.bundles.defaultStartLevel=4 -Declipse.product=org.eclipse.jdt.ls.core.product -Djava.import.generatesMetadataFilesAtProjectRoot=false -DDetectVMInstallationsJob.disabled=true -Dfile.encoding=utf8 -XX:+UseParallelGC -XX:GCTimeRatio=4 -XX:AdaptiveSizePolicyWeight=90 -Dsun.zip.disableMemoryMapping=true -Xmx2G -Xms100m -Xlog:disable -javaagent:c:\Users\tranl\.vscode\extensions\redhat.java-1.47.0-win32-x64\lombok\lombok-1.18.39-4050.jar -XX:+HeapDumpOnOutOfMemoryError -XX:HeapDumpPath=c:\Users\tranl\AppData\Roaming\Code\User\workspaceStorage\0729dae12c055ece94a63a1e2ab3123f\redhat.java -Daether.dependencyCollector.impl=bf c:\Users\tranl\.vscode\extensions\redhat.java-1.47.0-win32-x64\server\plugins\org.eclipse.equinox.launcher_1.7.100.v20251014-1222.jar -configuration c:\Users\tranl\AppData\Roaming\Code\User\globalStorage\redhat.java\1.47.0\config_win -data c:\Users\tranl\AppData\Roaming\Code\User\workspaceStorage\0729dae12c055ece94a63a1e2ab3123f\redhat.java\jdt_ws --pipe=\\.\pipe\lsp-26557462e80e1fc6c86de8b98e99b427-sock

Host: 13th Gen Intel(R) Core(TM) i5-1334U, 12 cores, 15G,  Windows 11 , 64 bit Build 26100 (10.0.26100.7019)
Time: Wed Nov 12 15:38:27 2025 SE Asia Standard Time elapsed time: 2470.709865 seconds (0d 0h 41m 10s)

---------------  T H R E A D  ---------------

Current thread (0x0000012c7f8ab760):  JavaThread "Attach Listener" daemon [_thread_in_vm, id=4776, stack(0x00000023b5700000,0x00000023b5800000) (1024K)]

Stack: [0x00000023b5700000,0x00000023b5800000]
Native frames: (J=compiled Java code, j=interpreted, Vv=VM code, C=native code)
V  [jvm.dll+0x6d2449]
V  [jvm.dll+0x8ae341]
V  [jvm.dll+0x8b08be]
V  [jvm.dll+0x8b0fa3]
V  [jvm.dll+0x280c96]
V  [jvm.dll+0xc0347]
V  [jvm.dll+0x6d2cf9]
V  [jvm.dll+0x131116]
V  [jvm.dll+0x3f2d16]
V  [jvm.dll+0x857e6b]
V  [jvm.dll+0x6d0b0d]
C  [ucrtbase.dll+0x37b0]
C  [KERNEL32.DLL+0x2e8d7]
C  [ntdll.dll+0x8c53c]


---------------  P R O C E S S  ---------------

Threads class SMR info:
_java_thread_list=0x0000012c0777d390, length=45, elements={
0x0000012c25fdc180, 0x0000012c25f8dd70, 0x0000012c7f8a4c00, 0x0000012c7f8aad10,
0x0000012c7f8ab760, 0x0000012c7f8ac250, 0x0000012c7f8bf940, 0x0000012c7f8c96e0,
0x0000012c7f8ca910, 0x0000012c7f9a3110, 0x0000012c7f9a44c0, 0x0000012c7f9a1d60,
0x0000012c7f9a4b50, 0x0000012c7f9a51e0, 0x0000012c7f9a3e30, 0x0000012c7f9a23f0,
0x0000012c7f9a2a80, 0x0000012c7f9dd870, 0x0000012c7f9df2b0, 0x0000012c7f9e0660,
0x0000012c7f9e1380, 0x0000012c7f9dec20, 0x0000012c7f9e2dc0, 0x0000012c7f9e4170,
0x0000012c7f9e4800, 0x0000012c7f9e1a10, 0x0000012c7f9e3ae0, 0x0000012c7f9e20a0,
0x0000012c7f9e2730, 0x0000012c7f9e3450, 0x0000012c06ca3530, 0x0000012c06ca1af0,
0x0000012c06ca00b0, 0x0000012c06ca3bc0, 0x0000012c06ca0740, 0x0000012c06ca1460,
0x0000012c08f06b10, 0x0000012c06d73220, 0x0000012c06d76d30, 0x0000012c06d780e0,
0x0000012c08f08be0, 0x0000012c08f07ec0, 0x0000012c08f09f90, 0x0000012c06ca0dd0,
0x0000012c06ca2810
}

Java Threads: ( => current thread )
  0x0000012c25fdc180 JavaThread "main"                              [_thread_blocked, id=2660, stack(0x00000023b5000000,0x00000023b5100000) (1024K)]
  0x0000012c25f8dd70 JavaThread "Reference Handler"          daemon [_thread_blocked, id=15672, stack(0x00000023b5400000,0x00000023b5500000) (1024K)]
  0x0000012c7f8a4c00 JavaThread "Finalizer"                  daemon [_thread_blocked, id=26968, stack(0x00000023b5500000,0x00000023b5600000) (1024K)]
  0x0000012c7f8aad10 JavaThread "Signal Dispatcher"          daemon [_thread_blocked, id=18112, stack(0x00000023b5600000,0x00000023b5700000) (1024K)]
=>0x0000012c7f8ab760 JavaThread "Attach Listener"            daemon [_thread_in_vm, id=4776, stack(0x00000023b5700000,0x00000023b5800000) (1024K)]
  0x0000012c7f8ac250 JavaThread "Service Thread"             daemon [_thread_blocked, id=23516, stack(0x00000023b5800000,0x00000023b5900000) (1024K)]
  0x0000012c7f8bf940 JavaThread "Monitor Deflation Thread"   daemon [_thread_blocked, id=4228, stack(0x00000023b5900000,0x00000023b5a00000) (1024K)]
  0x0000012c7f8c96e0 JavaThread "C2 CompilerThread0"         daemon [_thread_blocked, id=14476, stack(0x00000023b5a00000,0x00000023b5b00000) (1024K)]
  0x0000012c7f8ca910 JavaThread "C1 CompilerThread0"         daemon [_thread_blocked, id=17136, stack(0x00000023b5b00000,0x00000023b5c00000) (1024K)]
  0x0000012c7f9a3110 JavaThread "Common-Cleaner"             daemon [_thread_blocked, id=25964, stack(0x00000023b5c00000,0x00000023b5d00000) (1024K)]
  0x0000012c7f9a44c0 JavaThread "Notification Thread"        daemon [_thread_blocked, id=9504, stack(0x00000023b5d00000,0x00000023b5e00000) (1024K)]
  0x0000012c7f9a1d60 JavaThread "Active Thread: Equinox Container: a85b791a-d02e-477f-a7d6-eca1d83e9c51"        [_thread_blocked, id=9320, stack(0x00000023b5e00000,0x00000023b5f00000) (1024K)]
  0x0000012c7f9a4b50 JavaThread "Refresh Thread: Equinox Container: a85b791a-d02e-477f-a7d6-eca1d83e9c51" daemon [_thread_blocked, id=9328, stack(0x00000023b6600000,0x00000023b6700000) (1024K)]
  0x0000012c7f9a51e0 JavaThread "Framework Event Dispatcher: Equinox Container: a85b791a-d02e-477f-a7d6-eca1d83e9c51" daemon [_thread_blocked, id=21532, stack(0x00000023b6800000,0x00000023b6900000) (1024K)]
  0x0000012c7f9a3e30 JavaThread "Start Level: Equinox Container: a85b791a-d02e-477f-a7d6-eca1d83e9c51" daemon [_thread_blocked, id=21096, stack(0x00000023b6500000,0x00000023b6600000) (1024K)]
  0x0000012c7f9a23f0 JavaThread "Bundle File Closer"         daemon [_thread_blocked, id=22040, stack(0x00000023b6b00000,0x00000023b6c00000) (1024K)]
  0x0000012c7f9a2a80 JavaThread "SCR Component Actor"        daemon [_thread_blocked, id=8524, stack(0x00000023b4d00000,0x00000023b4e00000) (1024K)]
  0x0000012c7f9dd870 JavaThread "Worker-JM"                         [_thread_blocked, id=23448, stack(0x00000023b4e00000,0x00000023b4f00000) (1024K)]
  0x0000012c7f9df2b0 JavaThread "JNA Cleaner"                daemon [_thread_blocked, id=16176, stack(0x00000023b6d00000,0x00000023b6e00000) (1024K)]
  0x0000012c7f9e0660 JavaThread "Java indexing"              daemon [_thread_blocked, id=31656, stack(0x00000023b7200000,0x00000023b7300000) (1024K)]
  0x0000012c7f9e1380 JavaThread "Thread-1"                   daemon [_thread_in_native, id=16508, stack(0x00000023b7700000,0x00000023b7800000) (1024K)]
  0x0000012c7f9dec20 JavaThread "Thread-2"                   daemon [_thread_in_native, id=9024, stack(0x00000023b7800000,0x00000023b7900000) (1024K)]
  0x0000012c7f9e2dc0 JavaThread "Thread-3"                   daemon [_thread_in_native, id=11996, stack(0x00000023b7900000,0x00000023b7a00000) (1024K)]
  0x0000012c7f9e4170 JavaThread "Thread-4"                   daemon [_thread_in_native, id=6852, stack(0x00000023b7a00000,0x00000023b7b00000) (1024K)]
  0x0000012c7f9e4800 JavaThread "Thread-5"                   daemon [_thread_in_native, id=4620, stack(0x00000023b7b00000,0x00000023b7c00000) (1024K)]
  0x0000012c7f9e1a10 JavaThread "Thread-6"                   daemon [_thread_in_native, id=18380, stack(0x00000023b7c00000,0x00000023b7d00000) (1024K)]
  0x0000012c7f9e3ae0 JavaThread "Thread-7"                   daemon [_thread_in_native, id=3212, stack(0x00000023b7d00000,0x00000023b7e00000) (1024K)]
  0x0000012c7f9e20a0 JavaThread "Thread-8"                   daemon [_thread_in_native, id=23796, stack(0x00000023b7e00000,0x00000023b7f00000) (1024K)]
  0x0000012c7f9e2730 JavaThread "Thread-9"                   daemon [_thread_in_native, id=31208, stack(0x00000023b7f00000,0x00000023b8000000) (1024K)]
  0x0000012c7f9e3450 JavaThread "Thread-10"                  daemon [_thread_in_native, id=27708, stack(0x00000023b8000000,0x00000023b8100000) (1024K)]
  0x0000012c06ca3530 JavaThread "Thread-11"                  daemon [_thread_in_native, id=26284, stack(0x00000023b8100000,0x00000023b8200000) (1024K)]
  0x0000012c06ca1af0 JavaThread "Thread-12"                  daemon [_thread_in_native, id=28080, stack(0x00000023b8200000,0x00000023b8300000) (1024K)]
  0x0000012c06ca00b0 JavaThread "Thread-13"                  daemon [_thread_in_native, id=29328, stack(0x00000023b8300000,0x00000023b8400000) (1024K)]
  0x0000012c06ca3bc0 JavaThread "pool-2-thread-1"                   [_thread_blocked, id=10496, stack(0x00000023b8400000,0x00000023b8500000) (1024K)]
  0x0000012c06ca0740 JavaThread "WorkspaceEventsHandler"            [_thread_blocked, id=20432, stack(0x00000023b8500000,0x00000023b8600000) (1024K)]
  0x0000012c06ca1460 JavaThread "pool-1-thread-1"                   [_thread_blocked, id=15188, stack(0x00000023b8600000,0x00000023b8700000) (1024K)]
  0x0000012c08f06b10 JavaThread "Cleaner-0"                  daemon [_thread_blocked, id=22284, stack(0x00000023b7400000,0x00000023b7500000) (1024K)]
  0x0000012c06d73220 JavaThread "ForkJoinPool.commonPool-worker-24" daemon [_thread_blocked, id=24020, stack(0x00000023b6c00000,0x00000023b6d00000) (1024K)]
  0x0000012c06d76d30 JavaThread "ForkJoinPool.commonPool-worker-25" daemon [_thread_blocked, id=31000, stack(0x00000023b6e00000,0x00000023b6f00000) (1024K)]
  0x0000012c06d780e0 JavaThread "ForkJoinPool.commonPool-worker-28" daemon [_thread_blocked, id=11828, stack(0x00000023b7300000,0x00000023b7400000) (1024K)]
  0x0000012c08f08be0 JavaThread "ForkJoinPool.commonPool-worker-30" daemon [_thread_blocked, id=27084, stack(0x00000023b7600000,0x00000023b7700000) (1024K)]
  0x0000012c08f07ec0 JavaThread "ForkJoinPool.commonPool-worker-31" daemon [_thread_blocked, id=15608, stack(0x00000023b8700000,0x00000023b8800000) (1024K)]
  0x0000012c08f09f90 JavaThread "ForkJoinPool.commonPool-worker-33" daemon [_thread_blocked, id=9584, stack(0x00000023b8900000,0x00000023b8a00000) (1024K)]
  0x0000012c06ca0dd0 JavaThread "Worker-9"                          [_thread_blocked, id=20932, stack(0x00000023b8f00000,0x00000023b9000000) (1024K)]
  0x0000012c06ca2810 JavaThread "Worker-10"                         [_thread_blocked, id=6960, stack(0x00000023b9200000,0x00000023b9300000) (1024K)]
Total: 45

Other Threads:
  0x0000012c23bc1510 VMThread "VM Thread"                           [id=9060, stack(0x00000023b5300000,0x00000023b5400000) (1024K)]
  0x0000012c25e6ca00 WatcherThread "VM Periodic Task Thread"        [id=5108, stack(0x00000023b5200000,0x00000023b5300000) (1024K)]
  0x0000012c23bc02f0 WorkerThread "GC Thread#0"                     [id=2772, stack(0x00000023b5100000,0x00000023b5200000) (1024K)]
  0x0000012c23bc0dd0 WorkerThread "GC Thread#1"                     [id=7476, stack(0x00000023b5f00000,0x00000023b6000000) (1024K)]
  0x0000012c23bc0a30 WorkerThread "GC Thread#2"                     [id=27948, stack(0x00000023b6000000,0x00000023b6100000) (1024K)]
  0x0000012c0447faa0 WorkerThread "GC Thread#3"                     [id=17728, stack(0x00000023b6100000,0x00000023b6200000) (1024K)]
  0x0000012c04480920 WorkerThread "GC Thread#4"                     [id=28032, stack(0x00000023b6200000,0x00000023b6300000) (1024K)]
  0x0000012c0447da00 WorkerThread "GC Thread#5"                     [id=23340, stack(0x00000023b6300000,0x00000023b6400000) (1024K)]
  0x0000012c04480580 WorkerThread "GC Thread#6"                     [id=24620, stack(0x00000023b6400000,0x00000023b6500000) (1024K)]
  0x0000012c04480cc0 WorkerThread "GC Thread#7"                     [id=31100, stack(0x00000023b6700000,0x00000023b6800000) (1024K)]
  0x0000012c0447d2c0 WorkerThread "GC Thread#8"                     [id=18904, stack(0x00000023b6900000,0x00000023b6a00000) (1024K)]
  0x0000012c0447d660 WorkerThread "GC Thread#9"                     [id=10204, stack(0x00000023b6a00000,0x00000023b6b00000) (1024K)]
Total: 12

Threads with active compile tasks:
Total: 0

VM state: not at safepoint (normal execution)

VM Mutex/Monitor currently owned by a thread: None

Heap address: 0x0000000080000000, size: 2048 MB, Compressed Oops mode: 32-bit

CDS archive(s) mapped at: [0x0000012c3d000000-0x0000012c3dba0000-0x0000012c3dba0000), size 12189696, SharedBaseAddress: 0x0000012c3d000000, ArchiveRelocationMode: 1.
Compressed class space mapped at: 0x0000012c3e000000-0x0000012c7e000000, reserved size: 1073741824
Narrow klass base: 0x0000012c3d000000, Narrow klass shift: 0, Narrow klass range: 0x100000000

GC Precious Log:
 CardTable entry size: 512
 CPUs: 12 total, 12 available
 Memory: 16068M
 Large Page Support: Disabled
 NUMA Support: Disabled
 Compressed Oops: Enabled (32-bit)
 Alignments: Space 512K, Generation 512K, Heap 2M
 Heap Min Capacity: 100M
 Heap Initial Capacity: 100M
 Heap Max Capacity: 2G
 Pre-touch: Disabled
 Parallel Workers: 10

Heap:
 PSYoungGen      total 4608K, used 754K [0x00000000d5580000, 0x00000000d5d80000, 0x0000000100000000)
  eden space 4096K, 11% used [0x00000000d5580000,0x00000000d55f4988,0x00000000d5980000)
  from space 512K, 56% used [0x00000000d5d00000,0x00000000d5d48000,0x00000000d5d80000)
  to   space 1536K, 0% used [0x00000000d5a80000,0x00000000d5a80000,0x00000000d5c00000)
 ParOldGen       total 559104K, used 558760K [0x0000000080000000, 0x00000000a2200000, 0x00000000d5580000)
  object space 559104K, 99% used [0x0000000080000000,0x00000000a21aa3d0,0x00000000a2200000)
 Metaspace       used 83170K, committed 84992K, reserved 1179648K
  class space    used 8570K, committed 9344K, reserved 1048576K

Card table byte_map: [0x0000012c25980000,0x0000012c25d90000] _byte_map_base: 0x0000012c25580000

Marking Bits: (ParMarkBitMap*) 0x00007ff88621a340
 Begin Bits: [0x0000012c38480000, 0x0000012c3a480000)
 End Bits:   [0x0000012c3a480000, 0x0000012c3c480000)

Polling page: 0x0000012c23df0000

Metaspace:

Usage:
  Non-class:     72.85 MB used.
      Class:      8.37 MB used.
       Both:     81.22 MB used.

Virtual space:
  Non-class space:      128.00 MB reserved,      73.88 MB ( 58%) committed,  2 nodes.
      Class space:        1.00 GB reserved,       9.12 MB ( <1%) committed,  1 nodes.
             Both:        1.12 GB reserved,      83.00 MB (  7%) committed. 

Chunk freelists:
   Non-Class:  6.05 MB
       Class:  6.89 MB
        Both:  12.93 MB

MaxMetaspaceSize: unlimited
CompressedClassSpaceSize: 1.00 GB
Initial GC threshold: 21.00 MB
Current GC threshold: 129.38 MB
CDS: on
 - commit_granule_bytes: 65536.
 - commit_granule_words: 8192.
 - virtual_space_node_default_size: 8388608.
 - enlarge_chunks_in_place: 1.
 - use_allocation_guard: 0.


Internal statistics:

num_allocs_failed_limit: 9.
num_arena_births: 1724.
num_arena_deaths: 24.
num_vsnodes_births: 3.
num_vsnodes_deaths: 0.
num_space_committed: 1328.
num_space_uncommitted: 0.
num_chunks_returned_to_freelist: 38.
num_chunks_taken_from_freelist: 6014.
num_chunk_merges: 14.
num_chunk_splits: 3535.
num_chunks_enlarged: 1798.
num_inconsistent_stats: 0.

CodeHeap 'non-profiled nmethods': size=120000Kb used=17658Kb max_used=17658Kb free=102341Kb
 bounds [0x0000012c30ca0000, 0x0000012c31de0000, 0x0000012c381d0000]
CodeHeap 'profiled nmethods': size=120000Kb used=43975Kb max_used=43975Kb free=76024Kb
 bounds [0x0000012c291d0000, 0x0000012c2bcd0000, 0x0000012c30700000]
CodeHeap 'non-nmethods': size=5760Kb used=1480Kb max_used=1597Kb free=4279Kb
 bounds [0x0000012c30700000, 0x0000012c30970000, 0x0000012c30ca0000]
CodeCache: size=245760Kb, used=63113Kb, max_used=63230Kb, free=182644Kb
 total_blobs=18339, nmethods=17542, adapters=701, full_count=0
Compilation: enabled, stopped_count=0, restarted_count=0

Compilation events (20 events):
Event: 2373.154 Thread 0x0000012c7f8ca910 nmethod 19335 0x0000012c2bcbc690 code [0x0000012c2bcbc8a0, 0x0000012c2bcbce88]
Event: 2373.168 Thread 0x0000012c7f8ca910 19339       3       org.eclipse.core.internal.resources.SaveManager$$Lambda/0x0000012c3e79ed68::visitElement (35 bytes)
Event: 2373.169 Thread 0x0000012c7f8ca910 nmethod 19339 0x0000012c2bcbd110 code [0x0000012c2bcbd2c0, 0x0000012c2bcbd458]
Event: 2373.169 Thread 0x0000012c7f8ca910 19340   !   3       org.eclipse.core.internal.resources.SaveManager::lambda$11 (132 bytes)
Event: 2373.171 Thread 0x0000012c7f8ca910 nmethod 19340 0x0000012c2bcbd510 code [0x0000012c2bcbd760, 0x0000012c2bcbdf50]
Event: 2373.174 Thread 0x0000012c7f8ca910 19341       3       org.eclipse.core.runtime.NullProgressMonitor::internalWorked (1 bytes)
Event: 2373.174 Thread 0x0000012c7f8ca910 nmethod 19341 0x0000012c2bcbe490 code [0x0000012c2bcbe620, 0x0000012c2bcbe728]
Event: 2373.181 Thread 0x0000012c7f8c96e0 nmethod 19336 0x0000012c31ddbb90 code [0x0000012c31ddbe60, 0x0000012c31ddc9a8]
Event: 2373.286 Thread 0x0000012c7f8c96e0 19342       4       org.eclipse.core.internal.watson.ElementTreeIterator::doIteration (114 bytes)
Event: 2373.298 Thread 0x0000012c7f8c96e0 nmethod 19342 0x0000012c31ddd490 code [0x0000012c31ddd680, 0x0000012c31dddbf8]
Event: 2373.298 Thread 0x0000012c7f8c96e0 19343       4       org.eclipse.jdt.internal.core.builder.ClasspathLocation::reset (1 bytes)
Event: 2373.299 Thread 0x0000012c7f8c96e0 nmethod 19343 0x0000012c31dde090 code [0x0000012c31dde220, 0x0000012c31dde2a8]
Event: 2373.305 Thread 0x0000012c7f8c96e0 19344       4       sun.nio.fs.WindowsPath::getFileSystem (5 bytes)
Event: 2373.306 Thread 0x0000012c7f8c96e0 nmethod 19344 0x0000012c31dde390 code [0x0000012c31dde520, 0x0000012c31dde5b0]
Event: 2373.335 Thread 0x0000012c7f8c96e0 19345       4       com.sun.org.apache.xerces.internal.impl.dtd.XMLDTDProcessor::setProperty (1 bytes)
Event: 2373.336 Thread 0x0000012c7f8c96e0 nmethod 19345 0x0000012c31dde690 code [0x0000012c31dde820, 0x0000012c31dde8a8]
Event: 2373.339 Thread 0x0000012c7f8ca910 19347       3       org.eclipse.core.internal.dtree.AbstractDataTreeNode::compareWith (364 bytes)
Event: 2373.343 Thread 0x0000012c7f8ca910 nmethod 19347 0x0000012c2bcbe790 code [0x0000012c2bcbeb00, 0x0000012c2bcc0b40]
Event: 2373.343 Thread 0x0000012c7f8ca910 19346       3       org.eclipse.core.internal.dtree.DataTreeNode::compareWith (74 bytes)
Event: 2373.345 Thread 0x0000012c7f8ca910 nmethod 19346 0x0000012c2bcc1490 code [0x0000012c2bcc1680, 0x0000012c2bcc1bf0]

GC Heap History (20 events):
Event: 2121.431 GC heap before
{Heap before GC invocations=1077 (full 4):
 PSYoungGen      total 2048K, used 2048K [0x00000000d5580000, 0x00000000d5b80000, 0x0000000100000000)
  eden space 1536K, 100% used [0x00000000d5580000,0x00000000d5700000,0x00000000d5700000)
  from space 512K, 100% used [0x00000000d5900000,0x00000000d5980000,0x00000000d5980000)
  to   space 2048K, 0% used [0x00000000d5700000,0x00000000d5700000,0x00000000d5900000)
 ParOldGen       total 510976K, used 510758K [0x0000000080000000, 0x000000009f300000, 0x00000000d5580000)
  object space 510976K, 99% used [0x0000000080000000,0x000000009f2c9870,0x000000009f300000)
 Metaspace       used 83088K, committed 84864K, reserved 1179648K
  class space    used 8570K, committed 9344K, reserved 1048576K
}
Event: 2121.438 GC heap after
{Heap after GC invocations=1077 (full 4):
 PSYoungGen      total 3584K, used 1568K [0x00000000d5580000, 0x00000000d5b80000, 0x0000000100000000)
  eden space 1536K, 0% used [0x00000000d5580000,0x00000000d5580000,0x00000000d5700000)
  from space 2048K, 76% used [0x00000000d5700000,0x00000000d5888000,0x00000000d5900000)
  to   space 2048K, 0% used [0x00000000d5980000,0x00000000d5980000,0x00000000d5b80000)
 ParOldGen       total 511488K, used 511310K [0x0000000080000000, 0x000000009f380000, 0x00000000d5580000)
  object space 511488K, 99% used [0x0000000080000000,0x000000009f353870,0x000000009f380000)
 Metaspace       used 83088K, committed 84864K, reserved 1179648K
  class space    used 8570K, committed 9344K, reserved 1048576K
}
Event: 2121.454 GC heap before
{Heap before GC invocations=1078 (full 4):
 PSYoungGen      total 3584K, used 3006K [0x00000000d5580000, 0x00000000d5b80000, 0x0000000100000000)
  eden space 1536K, 93% used [0x00000000d5580000,0x00000000d56e7980,0x00000000d5700000)
  from space 2048K, 76% used [0x00000000d5700000,0x00000000d5888000,0x00000000d5900000)
  to   space 2048K, 0% used [0x00000000d5980000,0x00000000d5980000,0x00000000d5b80000)
 ParOldGen       total 511488K, used 511310K [0x0000000080000000, 0x000000009f380000, 0x00000000d5580000)
  object space 511488K, 99% used [0x0000000080000000,0x000000009f353870,0x000000009f380000)
 Metaspace       used 83088K, committed 84864K, reserved 1179648K
  class space    used 8570K, committed 9344K, reserved 1048576K
}
Event: 2121.463 GC heap after
{Heap after GC invocations=1078 (full 4):
 PSYoungGen      total 3584K, used 1342K [0x00000000d5580000, 0x00000000d5b00000, 0x0000000100000000)
  eden space 2048K, 0% used [0x00000000d5580000,0x00000000d5580000,0x00000000d5780000)
  from space 1536K, 87% used [0x00000000d5980000,0x00000000d5acf800,0x00000000d5b00000)
  to   space 1536K, 0% used [0x00000000d5800000,0x00000000d5800000,0x00000000d5980000)
 ParOldGen       total 513024K, used 512774K [0x0000000080000000, 0x000000009f500000, 0x00000000d5580000)
  object space 513024K, 99% used [0x0000000080000000,0x000000009f4c1870,0x000000009f500000)
 Metaspace       used 83088K, committed 84864K, reserved 1179648K
  class space    used 8570K, committed 9344K, reserved 1048576K
}
Event: 2121.516 GC heap before
{Heap before GC invocations=1079 (full 4):
 PSYoungGen      total 3584K, used 3390K [0x00000000d5580000, 0x00000000d5b00000, 0x0000000100000000)
  eden space 2048K, 100% used [0x00000000d5580000,0x00000000d5780000,0x00000000d5780000)
  from space 1536K, 87% used [0x00000000d5980000,0x00000000d5acf800,0x00000000d5b00000)
  to   space 1536K, 0% used [0x00000000d5800000,0x00000000d5800000,0x00000000d5980000)
 ParOldGen       total 513024K, used 512774K [0x0000000080000000, 0x000000009f500000, 0x00000000d5580000)
  object space 513024K, 99% used [0x0000000080000000,0x000000009f4c1870,0x000000009f500000)
 Metaspace       used 83091K, committed 84864K, reserved 1179648K
  class space    used 8570K, committed 9344K, reserved 1048576K
}
Event: 2121.523 GC heap after
{Heap after GC invocations=1079 (full 4):
 PSYoungGen      total 4096K, used 1532K [0x00000000d5580000, 0x00000000d5e00000, 0x0000000100000000)
  eden space 2560K, 0% used [0x00000000d5580000,0x00000000d5580000,0x00000000d5800000)
  from space 1536K, 99% used [0x00000000d5800000,0x00000000d597f000,0x00000000d5980000)
  to   space 3072K, 0% used [0x00000000d5b00000,0x00000000d5b00000,0x00000000d5e00000)
 ParOldGen       total 514048K, used 513694K [0x0000000080000000, 0x000000009f600000, 0x00000000d5580000)
  object space 514048K, 99% used [0x0000000080000000,0x000000009f5a7870,0x000000009f600000)
 Metaspace       used 83091K, committed 84864K, reserved 1179648K
  class space    used 8570K, committed 9344K, reserved 1048576K
}
Event: 2121.587 GC heap before
{Heap before GC invocations=1080 (full 4):
 PSYoungGen      total 4096K, used 4092K [0x00000000d5580000, 0x00000000d5e00000, 0x0000000100000000)
  eden space 2560K, 100% used [0x00000000d5580000,0x00000000d5800000,0x00000000d5800000)
  from space 1536K, 99% used [0x00000000d5800000,0x00000000d597f000,0x00000000d5980000)
  to   space 3072K, 0% used [0x00000000d5b00000,0x00000000d5b00000,0x00000000d5e00000)
 ParOldGen       total 545792K, used 544414K [0x0000000080000000, 0x00000000a1500000, 0x00000000d5580000)
  object space 545792K, 99% used [0x0000000080000000,0x00000000a13a78a0,0x00000000a1500000)
 Metaspace       used 83091K, committed 84864K, reserved 1179648K
  class space    used 8570K, committed 9344K, reserved 1048576K
}
Event: 2121.600 GC heap after
{Heap after GC invocations=1080 (full 4):
 PSYoungGen      total 5632K, used 2344K [0x00000000d5580000, 0x00000000d5d80000, 0x0000000100000000)
  eden space 3072K, 0% used [0x00000000d5580000,0x00000000d5580000,0x00000000d5880000)
  from space 2560K, 91% used [0x00000000d5b00000,0x00000000d5d4a010,0x00000000d5d80000)
  to   space 2560K, 0% used [0x00000000d5880000,0x00000000d5880000,0x00000000d5b00000)
 ParOldGen       total 545792K, used 545126K [0x0000000080000000, 0x00000000a1500000, 0x00000000d5580000)
  object space 545792K, 99% used [0x0000000080000000,0x00000000a14598a0,0x00000000a1500000)
 Metaspace       used 83091K, committed 84864K, reserved 1179648K
  class space    used 8570K, committed 9344K, reserved 1048576K
}
Event: 2121.628 GC heap before
{Heap before GC invocations=1081 (full 4):
 PSYoungGen      total 5632K, used 5416K [0x00000000d5580000, 0x00000000d5d80000, 0x0000000100000000)
  eden space 3072K, 100% used [0x00000000d5580000,0x00000000d5880000,0x00000000d5880000)
  from space 2560K, 91% used [0x00000000d5b00000,0x00000000d5d4a010,0x00000000d5d80000)
  to   space 2560K, 0% used [0x00000000d5880000,0x00000000d5880000,0x00000000d5b00000)
 ParOldGen       total 545792K, used 545126K [0x0000000080000000, 0x00000000a1500000, 0x00000000d5580000)
  object space 545792K, 99% used [0x0000000080000000,0x00000000a14598a0,0x00000000a1500000)
 Metaspace       used 83106K, committed 84928K, reserved 1179648K
  class space    used 8570K, committed 9344K, reserved 1048576K
}
Event: 2121.640 GC heap after
{Heap after GC invocations=1081 (full 4):
 PSYoungGen      total 5632K, used 916K [0x00000000d5580000, 0x00000000d5c80000, 0x0000000100000000)
  eden space 3072K, 0% used [0x00000000d5580000,0x00000000d5580000,0x00000000d5880000)
  from space 2560K, 35% used [0x00000000d5880000,0x00000000d5965200,0x00000000d5b00000)
  to   space 1536K, 0% used [0x00000000d5b00000,0x00000000d5b00000,0x00000000d5c80000)
 ParOldGen       total 548864K, used 548686K [0x0000000080000000, 0x00000000a1800000, 0x00000000d5580000)
  object space 548864K, 99% used [0x0000000080000000,0x00000000a17d38a0,0x00000000a1800000)
 Metaspace       used 83106K, committed 84928K, reserved 1179648K
  class space    used 8570K, committed 9344K, reserved 1048576K
}
Event: 2121.745 GC heap before
{Heap before GC invocations=1082 (full 4):
 PSYoungGen      total 5632K, used 3988K [0x00000000d5580000, 0x00000000d5c80000, 0x0000000100000000)
  eden space 3072K, 100% used [0x00000000d5580000,0x00000000d5880000,0x00000000d5880000)
  from space 2560K, 35% used [0x00000000d5880000,0x00000000d5965200,0x00000000d5b00000)
  to   space 1536K, 0% used [0x00000000d5b00000,0x00000000d5b00000,0x00000000d5c80000)
 ParOldGen       total 548864K, used 548686K [0x0000000080000000, 0x00000000a1800000, 0x00000000d5580000)
  object space 548864K, 99% used [0x0000000080000000,0x00000000a17d38a0,0x00000000a1800000)
 Metaspace       used 83109K, committed 84928K, reserved 1179648K
  class space    used 8570K, committed 9344K, reserved 1048576K
}
Event: 2121.750 GC heap after
{Heap after GC invocations=1082 (full 4):
 PSYoungGen      total 4608K, used 96K [0x00000000d5580000, 0x00000000d5b80000, 0x0000000100000000)
  eden space 4096K, 0% used [0x00000000d5580000,0x00000000d5580000,0x00000000d5980000)
  from space 512K, 18% used [0x00000000d5b00000,0x00000000d5b18000,0x00000000d5b80000)
  to   space 512K, 0% used [0x00000000d5a80000,0x00000000d5a80000,0x00000000d5b00000)
 ParOldGen       total 549376K, used 549038K [0x0000000080000000, 0x00000000a1880000, 0x00000000d5580000)
  object space 549376K, 99% used [0x0000000080000000,0x00000000a182b8a0,0x00000000a1880000)
 Metaspace       used 83109K, committed 84928K, reserved 1179648K
  class space    used 8570K, committed 9344K, reserved 1048576K
}
Event: 2121.775 GC heap before
{Heap before GC invocations=1083 (full 4):
 PSYoungGen      total 4608K, used 4192K [0x00000000d5580000, 0x00000000d5b80000, 0x0000000100000000)
  eden space 4096K, 100% used [0x00000000d5580000,0x00000000d5980000,0x00000000d5980000)
  from space 512K, 18% used [0x00000000d5b00000,0x00000000d5b18000,0x00000000d5b80000)
  to   space 512K, 0% used [0x00000000d5a80000,0x00000000d5a80000,0x00000000d5b00000)
 ParOldGen       total 549376K, used 549038K [0x0000000080000000, 0x00000000a1880000, 0x00000000d5580000)
  object space 549376K, 99% used [0x0000000080000000,0x00000000a182b8a0,0x00000000a1880000)
 Metaspace       used 83109K, committed 84928K, reserved 1179648K
  class space    used 8570K, committed 9344K, reserved 1048576K
}
Event: 2121.785 GC heap after
{Heap after GC invocations=1083 (full 4):
 PSYoungGen      total 5632K, used 485K [0x00000000d5580000, 0x00000000d6380000, 0x0000000100000000)
  eden space 5120K, 0% used [0x00000000d5580000,0x00000000d5580000,0x00000000d5a80000)
  from space 512K, 94% used [0x00000000d5a80000,0x00000000d5af9588,0x00000000d5b00000)
  to   space 4608K, 0% used [0x00000000d5f00000,0x00000000d5f00000,0x00000000d6380000)
 ParOldGen       total 552448K, used 552387K [0x0000000080000000, 0x00000000a1b80000, 0x00000000d5580000)
  object space 552448K, 99% used [0x0000000080000000,0x00000000a1b70e28,0x00000000a1b80000)
 Metaspace       used 83109K, committed 84928K, reserved 1179648K
  class space    used 8570K, committed 9344K, reserved 1048576K
}
Event: 2121.852 GC heap before
{Heap before GC invocations=1084 (full 4):
 PSYoungGen      total 5632K, used 5605K [0x00000000d5580000, 0x00000000d6380000, 0x0000000100000000)
  eden space 5120K, 100% used [0x00000000d5580000,0x00000000d5a80000,0x00000000d5a80000)
  from space 512K, 94% used [0x00000000d5a80000,0x00000000d5af9588,0x00000000d5b00000)
  to   space 4608K, 0% used [0x00000000d5f00000,0x00000000d5f00000,0x00000000d6380000)
 ParOldGen       total 552448K, used 552387K [0x0000000080000000, 0x00000000a1b80000, 0x00000000d5580000)
  object space 552448K, 99% used [0x0000000080000000,0x00000000a1b70e28,0x00000000a1b80000)
 Metaspace       used 83139K, committed 84928K, reserved 1179648K
  class space    used 8570K, committed 9344K, reserved 1048576K
}
Event: 2121.863 GC heap after
{Heap after GC invocations=1084 (full 4):
 PSYoungGen      total 8704K, used 4592K [0x00000000d5580000, 0x00000000d6680000, 0x0000000100000000)
  eden space 4096K, 0% used [0x00000000d5580000,0x00000000d5580000,0x00000000d5980000)
  from space 4608K, 99% used [0x00000000d5f00000,0x00000000d637c000,0x00000000d6380000)
  to   space 5632K, 0% used [0x00000000d5980000,0x00000000d5980000,0x00000000d5f00000)
 ParOldGen       total 553472K, used 553008K [0x0000000080000000, 0x00000000a1c80000, 0x00000000d5580000)
  object space 553472K, 99% used [0x0000000080000000,0x00000000a1c0c3b0,0x00000000a1c80000)
 Metaspace       used 83139K, committed 84928K, reserved 1179648K
  class space    used 8570K, committed 9344K, reserved 1048576K
}
Event: 2122.555 GC heap before
{Heap before GC invocations=1085 (full 4):
 PSYoungGen      total 8704K, used 8688K [0x00000000d5580000, 0x00000000d6680000, 0x0000000100000000)
  eden space 4096K, 100% used [0x00000000d5580000,0x00000000d5980000,0x00000000d5980000)
  from space 4608K, 99% used [0x00000000d5f00000,0x00000000d637c000,0x00000000d6380000)
  to   space 5632K, 0% used [0x00000000d5980000,0x00000000d5980000,0x00000000d5f00000)
 ParOldGen       total 553472K, used 553008K [0x0000000080000000, 0x00000000a1c80000, 0x00000000d5580000)
  object space 553472K, 99% used [0x0000000080000000,0x00000000a1c0c3b0,0x00000000a1c80000)
 Metaspace       used 83141K, committed 84928K, reserved 1179648K
  class space    used 8570K, committed 9344K, reserved 1048576K
}
Event: 2122.567 GC heap after
{Heap after GC invocations=1085 (full 4):
 PSYoungGen      total 6144K, used 1892K [0x00000000d5580000, 0x00000000d6080000, 0x0000000100000000)
  eden space 4096K, 0% used [0x00000000d5580000,0x00000000d5580000,0x00000000d5980000)
  from space 2048K, 92% used [0x00000000d5980000,0x00000000d5b59230,0x00000000d5b80000)
  to   space 3584K, 0% used [0x00000000d5d00000,0x00000000d5d00000,0x00000000d6080000)
 ParOldGen       total 557568K, used 557312K [0x0000000080000000, 0x00000000a2080000, 0x00000000d5580000)
  object space 557568K, 99% used [0x0000000080000000,0x00000000a20403b0,0x00000000a2080000)
 Metaspace       used 83141K, committed 84928K, reserved 1179648K
  class space    used 8570K, committed 9344K, reserved 1048576K
}
Event: 2373.319 GC heap before
{Heap before GC invocations=1086 (full 4):
 PSYoungGen      total 6144K, used 5988K [0x00000000d5580000, 0x00000000d6080000, 0x0000000100000000)
  eden space 4096K, 100% used [0x00000000d5580000,0x00000000d5980000,0x00000000d5980000)
  from space 2048K, 92% used [0x00000000d5980000,0x00000000d5b59230,0x00000000d5b80000)
  to   space 3584K, 0% used [0x00000000d5d00000,0x00000000d5d00000,0x00000000d6080000)
 ParOldGen       total 557568K, used 557312K [0x0000000080000000, 0x00000000a2080000, 0x00000000d5580000)
  object space 557568K, 99% used [0x0000000080000000,0x00000000a20403b0,0x00000000a2080000)
 Metaspace       used 83166K, committed 84992K, reserved 1179648K
  class space    used 8570K, committed 9344K, reserved 1048576K
}
Event: 2373.331 GC heap after
{Heap after GC invocations=1086 (full 4):
 PSYoungGen      total 4608K, used 288K [0x00000000d5580000, 0x00000000d5d80000, 0x0000000100000000)
  eden space 4096K, 0% used [0x00000000d5580000,0x00000000d5580000,0x00000000d5980000)
  from space 512K, 56% used [0x00000000d5d00000,0x00000000d5d48000,0x00000000d5d80000)
  to   space 1536K, 0% used [0x00000000d5a80000,0x00000000d5a80000,0x00000000d5c00000)
 ParOldGen       total 559104K, used 558760K [0x0000000080000000, 0x00000000a2200000, 0x00000000d5580000)
  object space 559104K, 99% used [0x0000000080000000,0x00000000a21aa3d0,0x00000000a2200000)
 Metaspace       used 83166K, committed 84992K, reserved 1179648K
  class space    used 8570K, committed 9344K, reserved 1048576K
}

Dll operation events (10 events):
Event: 0.135 Loaded shared library c:\Users\tranl\.vscode\extensions\redhat.java-1.47.0-win32-x64\jre\21.0.8-win32-x86_64\bin\java.dll
Event: 0.453 Loaded shared library c:\Users\tranl\.vscode\extensions\redhat.java-1.47.0-win32-x64\jre\21.0.8-win32-x86_64\bin\zip.dll
Event: 0.542 Loaded shared library C:\Users\tranl\.vscode\extensions\redhat.java-1.47.0-win32-x64\jre\21.0.8-win32-x86_64\bin\instrument.dll
Event: 0.562 Loaded shared library C:\Users\tranl\.vscode\extensions\redhat.java-1.47.0-win32-x64\jre\21.0.8-win32-x86_64\bin\net.dll
Event: 0.575 Loaded shared library C:\Users\tranl\.vscode\extensions\redhat.java-1.47.0-win32-x64\jre\21.0.8-win32-x86_64\bin\nio.dll
Event: 0.588 Loaded shared library C:\Users\tranl\.vscode\extensions\redhat.java-1.47.0-win32-x64\jre\21.0.8-win32-x86_64\bin\zip.dll
Event: 0.663 Loaded shared library C:\Users\tranl\.vscode\extensions\redhat.java-1.47.0-win32-x64\jre\21.0.8-win32-x86_64\bin\jimage.dll
Event: 0.952 Loaded shared library c:\Users\tranl\.vscode\extensions\redhat.java-1.47.0-win32-x64\jre\21.0.8-win32-x86_64\bin\verify.dll
Event: 28.385 Loaded shared library C:\Users\tranl\AppData\Roaming\Code\User\globalStorage\redhat.java\1.47.0\config_win\org.eclipse.equinox.launcher\org.eclipse.equinox.launcher.win32.win32.x86_64_1.2.1400.v20250801-0854\eclipse_11916.dll
Event: 65.417 Loaded shared library C:\Users\tranl\AppData\Local\Temp\jna-110621345\jna1115983297530812664.dll

Deoptimization events (20 events):
Event: 2107.692 Thread 0x0000012c7f9e0660 DEOPT PACKING pc=0x0000012c2bb2574c sp=0x00000023b72fe8a0
Event: 2107.692 Thread 0x0000012c7f9e0660 DEOPT UNPACKING pc=0x0000012c30754242 sp=0x00000023b72fde50 mode 0
Event: 2107.847 Thread 0x0000012c08f0b340 Uncommon trap: trap_request=0xffffff6e fr.pc=0x0000012c31d8f2bc relative=0x0000000000000cdc
Event: 2107.847 Thread 0x0000012c08f0b340 Uncommon trap: reason=loop_limit_check action=maybe_recompile pc=0x0000012c31d8f2bc method=org.eclipse.jdt.internal.compiler.lookup.BlockScope.findVariable([C)Lorg/eclipse/jdt/internal/compiler/lookup/LocalVariableBinding; @ 65 c2
Event: 2107.847 Thread 0x0000012c08f0b340 DEOPT PACKING pc=0x0000012c31d8f2bc sp=0x00000023b8dfe570
Event: 2107.847 Thread 0x0000012c08f0b340 DEOPT UNPACKING pc=0x0000012c30753aa2 sp=0x00000023b8dfe3f8 mode 2
Event: 2107.890 Thread 0x0000012c7f9e0660 DEOPT PACKING pc=0x0000012c2bb2574c sp=0x00000023b72fe8a0
Event: 2107.890 Thread 0x0000012c7f9e0660 DEOPT UNPACKING pc=0x0000012c30754242 sp=0x00000023b72fde50 mode 0
Event: 2109.159 Thread 0x0000012c06d75980 Uncommon trap: trap_request=0xffffff6e fr.pc=0x0000012c31dac788 relative=0x00000000000000e8
Event: 2109.159 Thread 0x0000012c06d75980 Uncommon trap: reason=loop_limit_check action=maybe_recompile pc=0x0000012c31dac788 method=org.eclipse.jdt.internal.compiler.lookup.BlockScope.findLocalType([C)Lorg/eclipse/jdt/internal/compiler/lookup/ReferenceBinding; @ 79 c2
Event: 2109.159 Thread 0x0000012c06d75980 DEOPT PACKING pc=0x0000012c31dac788 sp=0x00000023b4ffdeb0
Event: 2109.159 Thread 0x0000012c06d75980 DEOPT UNPACKING pc=0x0000012c30753aa2 sp=0x00000023b4ffde30 mode 2
Event: 2117.709 Thread 0x0000012c06d773c0 DEOPT PACKING pc=0x0000012c2bb2574c sp=0x00000023b6ffed80
Event: 2117.709 Thread 0x0000012c06d773c0 DEOPT UNPACKING pc=0x0000012c30754242 sp=0x00000023b6ffe348 mode 0
Event: 2120.492 Thread 0x0000012c06d75980 DEOPT PACKING pc=0x0000012c2b5354d3 sp=0x00000023b4ffe3c0
Event: 2120.492 Thread 0x0000012c06d75980 DEOPT UNPACKING pc=0x0000012c30754242 sp=0x00000023b4ffd8d0 mode 0
Event: 2373.124 Thread 0x0000012c06ca6320 Uncommon trap: trap_request=0xffffff45 fr.pc=0x0000012c30d3a7fc relative=0x000000000000055c
Event: 2373.124 Thread 0x0000012c06ca6320 Uncommon trap: reason=unstable_if action=reinterpret pc=0x0000012c30d3a7fc method=java.util.concurrent.ForkJoinPool.awaitWork(Ljava/util/concurrent/ForkJoinPool$WorkQueue;)I @ 23 c2
Event: 2373.124 Thread 0x0000012c06ca6320 DEOPT PACKING pc=0x0000012c30d3a7fc sp=0x00000023b6fff610
Event: 2373.125 Thread 0x0000012c06ca6320 DEOPT UNPACKING pc=0x0000012c30753aa2 sp=0x00000023b6fff590 mode 2

Classes loaded (20 events):
Event: 419.548 Loading class java/util/stream/Nodes$AbstractConcNode done
Event: 419.548 Loading class java/util/stream/Nodes$ConcNode done
Event: 1110.553 Loading class jdk/internal/ref/CleanerImpl$InnocuousThreadFactory
Event: 1110.554 Loading class jdk/internal/ref/CleanerImpl$InnocuousThreadFactory done
Event: 1125.954 Loading class java/io/CharArrayReader
Event: 1125.955 Loading class java/io/CharArrayReader done
Event: 1125.956 Loading class java/util/regex/Pattern$Bound
Event: 1125.956 Loading class java/util/regex/Pattern$Bound done
Event: 1980.944 Loading class java/lang/StringLatin1$CharsSpliterator
Event: 1980.946 Loading class java/lang/StringLatin1$CharsSpliterator done
Event: 2073.478 Loading class jdk/internal/module/IllegalAccessLogger
Event: 2073.478 Loading class jdk/internal/module/IllegalAccessLogger done
Event: 2074.629 Loading class java/nio/BufferMismatch
Event: 2074.631 Loading class java/nio/BufferMismatch done
Event: 2099.043 Loading class jdk/internal/module/IllegalAccessLogger
Event: 2099.043 Loading class jdk/internal/module/IllegalAccessLogger done
Event: 2107.836 Loading class jdk/internal/module/IllegalAccessLogger
Event: 2107.836 Loading class jdk/internal/module/IllegalAccessLogger done
Event: 2121.378 Loading class jdk/internal/module/IllegalAccessLogger
Event: 2121.378 Loading class jdk/internal/module/IllegalAccessLogger done

Classes unloaded (12 events):
Event: 67.424 Thread 0x0000012c23bc1510 Unloading class 0x0000012c3e1ac800 'java/lang/invoke/LambdaForm$MH+0x0000012c3e1ac800'
Event: 67.424 Thread 0x0000012c23bc1510 Unloading class 0x0000012c3e1ac400 'java/lang/invoke/LambdaForm$MH+0x0000012c3e1ac400'
Event: 67.424 Thread 0x0000012c23bc1510 Unloading class 0x0000012c3e1ac000 'java/lang/invoke/LambdaForm$MH+0x0000012c3e1ac000'
Event: 67.424 Thread 0x0000012c23bc1510 Unloading class 0x0000012c3e1abc00 'java/lang/invoke/LambdaForm$MH+0x0000012c3e1abc00'
Event: 67.424 Thread 0x0000012c23bc1510 Unloading class 0x0000012c3e1ab800 'java/lang/invoke/LambdaForm$BMH+0x0000012c3e1ab800'
Event: 67.424 Thread 0x0000012c23bc1510 Unloading class 0x0000012c3e1ab400 'java/lang/invoke/LambdaForm$DMH+0x0000012c3e1ab400'
Event: 67.424 Thread 0x0000012c23bc1510 Unloading class 0x0000012c3e1aa000 'java/lang/invoke/LambdaForm$DMH+0x0000012c3e1aa000'
Event: 1153.586 Thread 0x0000012c23bc1510 Unloading class 0x0000012c3e729400 'java/lang/invoke/LambdaForm$DMH+0x0000012c3e729400'
Event: 1153.587 Thread 0x0000012c23bc1510 Unloading class 0x0000012c3e729000 'java/lang/invoke/LambdaForm$DMH+0x0000012c3e729000'
Event: 1153.587 Thread 0x0000012c23bc1510 Unloading class 0x0000012c3e729800 'java/lang/invoke/LambdaForm$DMH+0x0000012c3e729800'
Event: 1153.587 Thread 0x0000012c23bc1510 Unloading class 0x0000012c3e728800 'java/lang/invoke/LambdaForm$DMH+0x0000012c3e728800'
Event: 1153.587 Thread 0x0000012c23bc1510 Unloading class 0x0000012c3e6c4400 'java/lang/invoke/LambdaForm$DMH+0x0000012c3e6c4400'

Classes redefined (0 events):
No events

Internal exceptions (20 events):
Event: 2122.553 Thread 0x0000012c06ca2810 Implicit null exception at 0x0000012c29b3c49b to 0x0000012c29b3ca55
Event: 2122.553 Thread 0x0000012c06ca2810 Exception <a 'java/lang/NullPointerException'{0x00000000d5959c18}> (0x00000000d5959c18) 
thrown [s\src\hotspot\share\runtime\sharedRuntime.cpp, line 625]
Event: 2122.553 Thread 0x0000012c06ca2810 Implicit null exception at 0x0000012c29b3c49b to 0x0000012c29b3ca55
Event: 2122.553 Thread 0x0000012c06ca2810 Exception <a 'java/lang/NullPointerException'{0x00000000d595a110}> (0x00000000d595a110) 
thrown [s\src\hotspot\share\runtime\sharedRuntime.cpp, line 625]
Event: 2122.582 Thread 0x0000012c06ca2810 Implicit null exception at 0x0000012c29b3c49b to 0x0000012c29b3ca55
Event: 2122.582 Thread 0x0000012c06ca2810 Exception <a 'java/lang/NullPointerException'{0x00000000d56c1338}> (0x00000000d56c1338) 
thrown [s\src\hotspot\share\runtime\sharedRuntime.cpp, line 625]
Event: 2122.587 Thread 0x0000012c06ca2810 Implicit null exception at 0x0000012c29b3c49b to 0x0000012c29b3ca55
Event: 2122.587 Thread 0x0000012c06ca2810 Exception <a 'java/lang/NullPointerException'{0x00000000d5769030}> (0x00000000d5769030) 
thrown [s\src\hotspot\share\runtime\sharedRuntime.cpp, line 625]
Event: 2122.587 Thread 0x0000012c06ca2810 Implicit null exception at 0x0000012c29b3c49b to 0x0000012c29b3ca55
Event: 2122.587 Thread 0x0000012c06ca2810 Exception <a 'java/lang/NullPointerException'{0x00000000d5769468}> (0x00000000d5769468) 
thrown [s\src\hotspot\share\runtime\sharedRuntime.cpp, line 625]
Event: 2122.587 Thread 0x0000012c06ca2810 Implicit null exception at 0x0000012c29b3c49b to 0x0000012c29b3ca55
Event: 2122.587 Thread 0x0000012c06ca2810 Exception <a 'java/lang/NullPointerException'{0x00000000d5769a60}> (0x00000000d5769a60) 
thrown [s\src\hotspot\share\runtime\sharedRuntime.cpp, line 625]
Event: 2122.587 Thread 0x0000012c06ca2810 Implicit null exception at 0x0000012c29b3c49b to 0x0000012c29b3ca55
Event: 2122.587 Thread 0x0000012c06ca2810 Exception <a 'java/lang/NullPointerException'{0x00000000d5769f38}> (0x00000000d5769f38) 
thrown [s\src\hotspot\share\runtime\sharedRuntime.cpp, line 625]
Event: 2122.587 Thread 0x0000012c06ca2810 Implicit null exception at 0x0000012c29b3c49b to 0x0000012c29b3ca55
Event: 2122.587 Thread 0x0000012c06ca2810 Exception <a 'java/lang/NullPointerException'{0x00000000d576a410}> (0x00000000d576a410) 
thrown [s\src\hotspot\share\runtime\sharedRuntime.cpp, line 625]
Event: 2122.587 Thread 0x0000012c06ca2810 Implicit null exception at 0x0000012c29b3c49b to 0x0000012c29b3ca55
Event: 2122.587 Thread 0x0000012c06ca2810 Exception <a 'java/lang/NullPointerException'{0x00000000d576a8e8}> (0x00000000d576a8e8) 
thrown [s\src\hotspot\share\runtime\sharedRuntime.cpp, line 625]
Event: 2373.133 Thread 0x0000012c06ca2810 Exception <a 'sun/nio/fs/WindowsException'{0x00000000d58affa0}> (0x00000000d58affa0) 
thrown [s\src\hotspot\share\prims\jni.cpp, line 520]
Event: 2373.134 Thread 0x0000012c06ca2810 Exception <a 'sun/nio/fs/WindowsException'{0x00000000d58b08a0}> (0x00000000d58b08a0) 
thrown [s\src\hotspot\share\prims\jni.cpp, line 520]

ZGC Phase Switch (0 events):
No events

VM Operations (20 events):
Event: 2122.555 Executing VM operation: ParallelGCFailedAllocation (Allocation Failure)
Event: 2122.567 Executing VM operation: ParallelGCFailedAllocation (Allocation Failure) done
Event: 2123.567 Executing VM operation: Cleanup
Event: 2123.567 Executing VM operation: Cleanup done
Event: 2164.840 Executing VM operation: HandshakeAllThreads (HandshakeForDeflation)
Event: 2164.840 Executing VM operation: HandshakeAllThreads (HandshakeForDeflation) done
Event: 2164.841 Executing VM operation: RendezvousGCThreads
Event: 2164.841 Executing VM operation: RendezvousGCThreads done
Event: 2165.841 Executing VM operation: Cleanup
Event: 2165.841 Executing VM operation: Cleanup done
Event: 2225.060 Executing VM operation: HandshakeAllThreads (HandshakeForDeflation)
Event: 2225.060 Executing VM operation: HandshakeAllThreads (HandshakeForDeflation) done
Event: 2225.060 Executing VM operation: RendezvousGCThreads
Event: 2225.060 Executing VM operation: RendezvousGCThreads done
Event: 2373.319 Executing VM operation: ParallelGCFailedAllocation (Allocation Failure)
Event: 2373.331 Executing VM operation: ParallelGCFailedAllocation (Allocation Failure) done
Event: 2405.488 Executing VM operation: HandshakeAllThreads (HandshakeForDeflation)
Event: 2405.488 Executing VM operation: HandshakeAllThreads (HandshakeForDeflation) done
Event: 2405.488 Executing VM operation: RendezvousGCThreads
Event: 2405.488 Executing VM operation: RendezvousGCThreads done

Memory protections (0 events):
No events

Nmethod flushes (20 events):
Event: 1153.678 Thread 0x0000012c23bc1510 flushing  nmethod 0x0000012c2a262610
Event: 1153.678 Thread 0x0000012c23bc1510 flushing  nmethod 0x0000012c2a262a90
Event: 1153.678 Thread 0x0000012c23bc1510 flushing  nmethod 0x0000012c2a280810
Event: 1153.678 Thread 0x0000012c23bc1510 flushing  nmethod 0x0000012c2a286810
Event: 1153.678 Thread 0x0000012c23bc1510 flushing  nmethod 0x0000012c2a2a3210
Event: 1153.678 Thread 0x0000012c23bc1510 flushing  nmethod 0x0000012c2a2a3e10
Event: 1153.678 Thread 0x0000012c23bc1510 flushing  nmethod 0x0000012c2a2a8390
Event: 1153.678 Thread 0x0000012c23bc1510 flushing  nmethod 0x0000012c2a2ba090
Event: 1153.678 Thread 0x0000012c23bc1510 flushing  nmethod 0x0000012c2a2d1510
Event: 1153.678 Thread 0x0000012c23bc1510 flushing  nmethod 0x0000012c2a2e4090
Event: 1153.678 Thread 0x0000012c23bc1510 flushing  nmethod 0x0000012c2a2e4710
Event: 1153.678 Thread 0x0000012c23bc1510 flushing  nmethod 0x0000012c2a2e4f90
Event: 1153.678 Thread 0x0000012c23bc1510 flushing  nmethod 0x0000012c2a2e5710
Event: 1153.678 Thread 0x0000012c23bc1510 flushing  nmethod 0x0000012c2a2e6590
Event: 1153.678 Thread 0x0000012c23bc1510 flushing  nmethod 0x0000012c2a2e6e10
Event: 1153.678 Thread 0x0000012c23bc1510 flushing  nmethod 0x0000012c2a2f3690
Event: 1153.678 Thread 0x0000012c23bc1510 flushing  nmethod 0x0000012c2a31bf10
Event: 1153.678 Thread 0x0000012c23bc1510 flushing  nmethod 0x0000012c2a323310
Event: 1153.678 Thread 0x0000012c23bc1510 flushing  nmethod 0x0000012c2a335210
Event: 1153.678 Thread 0x0000012c23bc1510 flushing  nmethod 0x0000012c2a34bb90

Events (20 events):
Event: 2107.809 Thread 0x0000012c06d74c60 Thread added: 0x0000012c06ca4250
Event: 2121.268 Thread 0x0000012c06ca0dd0 Thread added: 0x0000012c06ca48e0
Event: 2121.603 Thread 0x0000012c06d74c60 Thread added: 0x0000012c06ca2810
Event: 2181.438 Thread 0x0000012c08f0b340 Thread exited: 0x0000012c08f0b340
Event: 2182.047 Thread 0x0000012c06d77a50 Thread exited: 0x0000012c06d77a50
Event: 2225.798 Thread 0x0000012c08f08550 Thread exited: 0x0000012c08f08550
Event: 2225.799 Thread 0x0000012c06d74c60 Thread exited: 0x0000012c06d74c60
Event: 2225.799 Thread 0x0000012c08f09900 Thread exited: 0x0000012c08f09900
Event: 2242.062 Thread 0x0000012c06d78770 Thread exited: 0x0000012c06d78770
Event: 2302.068 Thread 0x0000012c06d773c0 Thread exited: 0x0000012c06d773c0
Event: 2362.072 Thread 0x0000012c08f07830 Thread exited: 0x0000012c08f07830
Event: 2373.123 Thread 0x0000012c06ca2810 Thread added: 0x0000012c06ca6320
Event: 2373.125 Thread 0x0000012c06ca6320 Thread exited: 0x0000012c06ca6320
Event: 2373.136 Thread 0x0000012c06ca2810 Thread added: 0x0000012c06ca6320
Event: 2373.137 Thread 0x0000012c06ca6320 Thread exited: 0x0000012c06ca6320
Event: 2373.343 Thread 0x0000012c08f0e130 Thread exited: 0x0000012c08f0e130
Event: 2398.980 Thread 0x0000012c06ca4f70 Thread exited: 0x0000012c06ca4f70
Event: 2407.812 Thread 0x0000012c06ca4250 Thread exited: 0x0000012c06ca4250
Event: 2421.279 Thread 0x0000012c06ca48e0 Thread exited: 0x0000012c06ca48e0
Event: 2427.089 Thread 0x0000012c06d75980 Thread exited: 0x0000012c06d75980


Dynamic libraries:
0x00007ff6e15a0000 - 0x00007ff6e15ae000 	c:\Users\tranl\.vscode\extensions\redhat.java-1.47.0-win32-x64\jre\21.0.8-win32-x86_64\bin\java.exe
0x00007ff9265a0000 - 0x00007ff926808000 	C:\WINDOWS\SYSTEM32\ntdll.dll
0x00007ff925e30000 - 0x00007ff925ef9000 	C:\WINDOWS\System32\KERNEL32.DLL
0x00007ff923d00000 - 0x00007ff9240f8000 	C:\WINDOWS\System32\KERNELBASE.dll
0x00007ff9236f0000 - 0x00007ff92383b000 	C:\WINDOWS\System32\ucrtbase.dll
0x00007ff91fa90000 - 0x00007ff91faa8000 	c:\Users\tranl\.vscode\extensions\redhat.java-1.47.0-win32-x64\jre\21.0.8-win32-x86_64\bin\jli.dll
0x00007ff91fa10000 - 0x00007ff91fa2e000 	c:\Users\tranl\.vscode\extensions\redhat.java-1.47.0-win32-x64\jre\21.0.8-win32-x86_64\bin\VCRUNTIME140.dll
0x00007ff925b80000 - 0x00007ff925d47000 	C:\WINDOWS\System32\USER32.dll
0x00007ff8fd770000 - 0x00007ff8fda04000 	C:\WINDOWS\WinSxS\amd64_microsoft.windows.common-controls_6595b64144ccf1df_6.0.26100.7019_none_3e06ffa0e335b8a8\COMCTL32.dll
0x00007ff9238f0000 - 0x00007ff923917000 	C:\WINDOWS\System32\win32u.dll
0x00007ff925e00000 - 0x00007ff925e2b000 	C:\WINDOWS\System32\GDI32.dll
0x00007ff924b80000 - 0x00007ff924c29000 	C:\WINDOWS\System32\msvcrt.dll
0x00007ff9239d0000 - 0x00007ff923afc000 	C:\WINDOWS\System32\gdi32full.dll
0x00007ff923920000 - 0x00007ff9239c3000 	C:\WINDOWS\System32\msvcp_win.dll
0x00007ff925030000 - 0x00007ff925061000 	C:\WINDOWS\System32\IMM32.DLL
0x00007ff91fa00000 - 0x00007ff91fa0c000 	c:\Users\tranl\.vscode\extensions\redhat.java-1.47.0-win32-x64\jre\21.0.8-win32-x86_64\bin\vcruntime140_1.dll
0x00007ff8d4f60000 - 0x00007ff8d4fed000 	c:\Users\tranl\.vscode\extensions\redhat.java-1.47.0-win32-x64\jre\21.0.8-win32-x86_64\bin\msvcp140.dll
0x00007ff885560000 - 0x00007ff8862f7000 	c:\Users\tranl\.vscode\extensions\redhat.java-1.47.0-win32-x64\jre\21.0.8-win32-x86_64\bin\server\jvm.dll
0x00007ff9261a0000 - 0x00007ff926254000 	C:\WINDOWS\System32\ADVAPI32.dll
0x00007ff924f10000 - 0x00007ff924fb6000 	C:\WINDOWS\System32\sechost.dll
0x00007ff924c30000 - 0x00007ff924d48000 	C:\WINDOWS\System32\RPCRT4.dll
0x00007ff925d80000 - 0x00007ff925df4000 	C:\WINDOWS\System32\WS2_32.dll
0x00007ff923570000 - 0x00007ff9235ce000 	C:\WINDOWS\SYSTEM32\POWRPROF.dll
0x00007ff9201e0000 - 0x00007ff920215000 	C:\WINDOWS\SYSTEM32\WINMM.dll
0x00007ff90aba0000 - 0x00007ff90abab000 	C:\WINDOWS\SYSTEM32\VERSION.dll
0x00007ff923550000 - 0x00007ff923564000 	C:\WINDOWS\SYSTEM32\UMPDC.dll
0x00007ff9224b0000 - 0x00007ff9224cb000 	C:\WINDOWS\SYSTEM32\kernel.appcore.dll
0x00007ff90baa0000 - 0x00007ff90baaa000 	c:\Users\tranl\.vscode\extensions\redhat.java-1.47.0-win32-x64\jre\21.0.8-win32-x86_64\bin\jimage.dll
0x00007ff920ed0000 - 0x00007ff921112000 	C:\WINDOWS\SYSTEM32\DBGHELP.DLL
0x00007ff9257d0000 - 0x00007ff925b5b000 	C:\WINDOWS\System32\combase.dll
0x00007ff9256f0000 - 0x00007ff9257c7000 	C:\WINDOWS\System32\OLEAUT32.dll
0x00007ff908640000 - 0x00007ff90867c000 	C:\WINDOWS\SYSTEM32\dbgcore.DLL
0x00007ff923840000 - 0x00007ff9238e5000 	C:\WINDOWS\System32\bcryptPrimitives.dll
0x00007ff90ba90000 - 0x00007ff90ba9f000 	c:\Users\tranl\.vscode\extensions\redhat.java-1.47.0-win32-x64\jre\21.0.8-win32-x86_64\bin\instrument.dll
0x00007ff90ba70000 - 0x00007ff90ba8f000 	c:\Users\tranl\.vscode\extensions\redhat.java-1.47.0-win32-x64\jre\21.0.8-win32-x86_64\bin\java.dll
0x00007ff924420000 - 0x00007ff924b71000 	C:\WINDOWS\System32\SHELL32.dll
0x00007ff923b00000 - 0x00007ff923c6b000 	C:\WINDOWS\System32\wintypes.dll
0x00007ff9212e0000 - 0x00007ff921b3d000 	C:\WINDOWS\SYSTEM32\windows.storage.dll
0x00007ff925f00000 - 0x00007ff925ff2000 	C:\WINDOWS\System32\SHCORE.dll
0x00007ff924fc0000 - 0x00007ff925027000 	C:\WINDOWS\System32\shlwapi.dll
0x00007ff923610000 - 0x00007ff923639000 	C:\WINDOWS\SYSTEM32\profapi.dll
0x00007ff8f0b30000 - 0x00007ff8f0b48000 	c:\Users\tranl\.vscode\extensions\redhat.java-1.47.0-win32-x64\jre\21.0.8-win32-x86_64\bin\zip.dll
0x00007ff902670000 - 0x00007ff902680000 	C:\Users\tranl\.vscode\extensions\redhat.java-1.47.0-win32-x64\jre\21.0.8-win32-x86_64\bin\net.dll
0x00007ff91b270000 - 0x00007ff91b398000 	C:\WINDOWS\SYSTEM32\WINHTTP.dll
0x00007ff922a20000 - 0x00007ff922a8b000 	C:\WINDOWS\system32\mswsock.dll
0x00007ff8eecd0000 - 0x00007ff8eece6000 	C:\Users\tranl\.vscode\extensions\redhat.java-1.47.0-win32-x64\jre\21.0.8-win32-x86_64\bin\nio.dll
0x00007ff8fb180000 - 0x00007ff8fb190000 	c:\Users\tranl\.vscode\extensions\redhat.java-1.47.0-win32-x64\jre\21.0.8-win32-x86_64\bin\verify.dll
0x00007ff8e0af0000 - 0x00007ff8e0b34000 	C:\Users\tranl\AppData\Roaming\Code\User\globalStorage\redhat.java\1.47.0\config_win\org.eclipse.equinox.launcher\org.eclipse.equinox.launcher.win32.win32.x86_64_1.2.1400.v20250801-0854\eclipse_11916.dll
0x00007ff926000000 - 0x00007ff926197000 	C:\WINDOWS\System32\ole32.dll
0x00007ff922ce0000 - 0x00007ff922cfb000 	C:\WINDOWS\SYSTEM32\CRYPTSP.dll
0x00007ff922410000 - 0x00007ff92244a000 	C:\WINDOWS\system32\rsaenh.dll
0x00007ff922ad0000 - 0x00007ff922afb000 	C:\WINDOWS\SYSTEM32\USERENV.dll
0x00007ff9235e0000 - 0x00007ff92360a000 	C:\WINDOWS\SYSTEM32\bcrypt.dll
0x00007ff922d00000 - 0x00007ff922d0c000 	C:\WINDOWS\SYSTEM32\CRYPTBASE.dll
0x00007ff921e70000 - 0x00007ff921ea4000 	C:\WINDOWS\SYSTEM32\IPHLPAPI.DLL
0x00007ff924340000 - 0x00007ff92434a000 	C:\WINDOWS\System32\NSI.dll
0x00007ff8ee450000 - 0x00007ff8ee499000 	C:\Users\tranl\AppData\Local\Temp\jna-110621345\jna1115983297530812664.dll
0x00007ff925d70000 - 0x00007ff925d78000 	C:\WINDOWS\System32\PSAPI.DLL
0x00007ff91c450000 - 0x00007ff91c46e000 	C:\WINDOWS\SYSTEM32\dhcpcsvc6.DLL
0x00007ff91c1a0000 - 0x00007ff91c1c3000 	C:\WINDOWS\SYSTEM32\dhcpcsvc.DLL
0x00007ff9225d0000 - 0x00007ff922606000 	C:\WINDOWS\SYSTEM32\ntmarta.dll

JVMTI agents:
c:\Users\tranl\.vscode\extensions\redhat.java-1.47.0-win32-x64\lombok\lombok-1.18.39-4050.jar path:c:\Users\tranl\.vscode\extensions\redhat.java-1.47.0-win32-x64\jre\21.0.8-win32-x86_64\bin\instrument.dll, loaded, initialized, instrumentlib options:none

dbghelp: loaded successfully - version: 4.0.5 - missing functions: none
symbol engine: initialized successfully - sym options: 0x614 - pdb path: .;c:\Users\tranl\.vscode\extensions\redhat.java-1.47.0-win32-x64\jre\21.0.8-win32-x86_64\bin;C:\WINDOWS\SYSTEM32;C:\WINDOWS\WinSxS\amd64_microsoft.windows.common-controls_6595b64144ccf1df_6.0.26100.7019_none_3e06ffa0e335b8a8;c:\Users\tranl\.vscode\extensions\redhat.java-1.47.0-win32-x64\jre\21.0.8-win32-x86_64\bin\server;C:\Users\tranl\AppData\Roaming\Code\User\globalStorage\redhat.java\1.47.0\config_win\org.eclipse.equinox.launcher\org.eclipse.equinox.launcher.win32.win32.x86_64_1.2.1400.v20250801-0854;C:\Users\tranl\AppData\Local\Temp\jna-110621345

VM Arguments:
jvm_args: --add-modules=ALL-SYSTEM --add-opens=java.base/java.util=ALL-UNNAMED --add-opens=java.base/java.lang=ALL-UNNAMED --add-opens=java.base/sun.nio.fs=ALL-UNNAMED -Declipse.application=org.eclipse.jdt.ls.core.id1 -Dosgi.bundles.defaultStartLevel=4 -Declipse.product=org.eclipse.jdt.ls.core.product -Djava.import.generatesMetadataFilesAtProjectRoot=false -DDetectVMInstallationsJob.disabled=true -Dfile.encoding=utf8 -XX:+UseParallelGC -XX:GCTimeRatio=4 -XX:AdaptiveSizePolicyWeight=90 -Dsun.zip.disableMemoryMapping=true -Xmx2G -Xms100m -Xlog:disable -javaagent:c:\Users\tranl\.vscode\extensions\redhat.java-1.47.0-win32-x64\lombok\lombok-1.18.39-4050.jar -XX:+HeapDumpOnOutOfMemoryError -XX:HeapDumpPath=c:\Users\tranl\AppData\Roaming\Code\User\workspaceStorage\0729dae12c055ece94a63a1e2ab3123f\redhat.java -Daether.dependencyCollector.impl=bf 
java_command: c:\Users\tranl\.vscode\extensions\redhat.java-1.47.0-win32-x64\server\plugins\org.eclipse.equinox.launcher_1.7.100.v20251014-1222.jar -configuration c:\Users\tranl\AppData\Roaming\Code\User\globalStorage\redhat.java\1.47.0\config_win -data c:\Users\tranl\AppData\Roaming\Code\User\workspaceStorage\0729dae12c055ece94a63a1e2ab3123f\redhat.java\jdt_ws --pipe=\\.\pipe\lsp-26557462e80e1fc6c86de8b98e99b427-sock
java_class_path (initial): c:\Users\tranl\.vscode\extensions\redhat.java-1.47.0-win32-x64\server\plugins\org.eclipse.equinox.launcher_1.7.100.v20251014-1222.jar
Launcher Type: SUN_STANDARD

[Global flags]
    uintx AdaptiveSizePolicyWeight                 = 90                                        {product} {command line}
     intx CICompilerCount                          = 4                                         {product} {ergonomic}
    uintx GCTimeRatio                              = 4                                         {product} {command line}
     bool HeapDumpOnOutOfMemoryError               = true                                   {manageable} {command line}
    ccstr HeapDumpPath                             = c:\Users\tranl\AppData\Roaming\Code\User\workspaceStorage\0729dae12c055ece94a63a1e2ab3123f\redhat.java         {manageable} {command line}
   size_t InitialHeapSize                          = 104857600                                 {product} {command line}
   size_t MaxHeapSize                              = 2147483648                                {product} {command line}
   size_t MaxNewSize                               = 715653120                                 {product} {ergonomic}
   size_t MinHeapDeltaBytes                        = 524288                                    {product} {ergonomic}
   size_t MinHeapSize                              = 104857600                                 {product} {command line}
   size_t NewSize                                  = 34603008                                  {product} {ergonomic}
    uintx NonNMethodCodeHeapSize                   = 5839372                                {pd product} {ergonomic}
    uintx NonProfiledCodeHeapSize                  = 122909434                              {pd product} {ergonomic}
   size_t OldSize                                  = 70254592                                  {product} {ergonomic}
    uintx ProfiledCodeHeapSize                     = 122909434                              {pd product} {ergonomic}
    uintx ReservedCodeCacheSize                    = 251658240                              {pd product} {ergonomic}
     bool SegmentedCodeCache                       = true                                      {product} {ergonomic}
   size_t SoftMaxHeapSize                          = 2147483648                             {manageable} {ergonomic}
     bool UseCompressedOops                        = true                           {product lp64_product} {ergonomic}
     bool UseLargePagesIndividualAllocation        = false                                  {pd product} {ergonomic}
     bool UseParallelGC                            = true                                      {product} {command line}

Logging:
Log output configuration:
 #0: stdout all=off uptime,level,tags foldmultilines=false
 #1: stderr all=off uptime,level,tags foldmultilines=false

Environment Variables:
PATH=C:\Program Files\Common Files\Oracle\Java\javapath;C:\Program Files\nodejs\;C:\Windows\System32;C:\Windows;C:\Windows\System32\Wbem;C:\Windows\System32\WindowsPowerShell\v1.0\;C:\Users\tranl\AppData\Roaming\npm;C:\Program Files\Git\cmd;D:\Tools\apache-maven-3.9.11\bin;%JAVA_HOME%\bin;C:\Program Files\Java\jdk-24;C:\Program Files\Common Files\Oracle\Java\javapath;C:\Program Files\nodejs\;C:\Windows\System32;C:\Windows;C:\Windows\System32\Wbem;C:\Windows\System32\WindowsPowerShell\v1.0\;C:\Users\tranl\AppData\Roaming\npm;C:\Program Files\Git\cmd;D:\Tools\apache-maven-3.9.11\bin;%JAVA_HOME%\bin;C:\Program Files\Java\jdk-24;;C:\Program Files\nodejs"
USERNAME=tranl
OS=Windows_NT
PROCESSOR_IDENTIFIER=Intel64 Family 6 Model 186 Stepping 3, GenuineIntel
TMP=C:\Users\tranl\AppData\Local\Temp
TEMP=C:\Users\tranl\AppData\Local\Temp




Periodic native trim disabled

---------------  S Y S T E M  ---------------

OS:
 Windows 11 , 64 bit Build 26100 (10.0.26100.7019)
OS uptime: 8 days 3:47 hours
Hyper-V role detected

CPU: total 12 (initial active 12) (6 cores per cpu, 2 threads per core) family 6 model 186 stepping 3 microcode 0x4128, cx8, cmov, fxsr, ht, mmx, 3dnowpref, sse, sse2, sse3, ssse3, sse4.1, sse4.2, popcnt, lzcnt, tsc, tscinvbit, avx, avx2, aes, erms, clmul, bmi1, bmi2, adx, sha, fma, vzeroupper, clflush, clflushopt, clwb, hv, serialize, rdtscp, rdpid, fsrm, f16c, cet_ibt, cet_ss
Processor Information for the first 12 processors :
  Max Mhz: 1300, Current Mhz: 1300, Mhz Limit: 1300

Memory: 4k page, system-wide physical 16068M (619M free)
TotalPageFile size 29322M (AvailPageFile size 69M)
current process WorkingSet (physical memory assigned to process): 895M, peak: 903M
current process commit charge ("private bytes"): 927M, peak: 935M

vm_info: OpenJDK 64-Bit Server VM (21.0.8+9-LTS) for windows-amd64 JRE (21.0.8+9-LTS), built on 2025-07-15T00:00:00Z by "admin" with MS VC++ 17.7 (VS2022)

END.
