#
# There is insufficient memory for the Java Runtime Environment to continue.
# Native memory allocation (malloc) failed to allocate 1048576 bytes. Error detail: AllocateHeap
# Possible reasons:
#   The system is out of physical RAM or swap space
#   This process is running with CompressedOops enabled, and the Java Heap may be blocking the growth of the native heap
# Possible solutions:
#   Reduce memory load on the system
#   Increase physical memory or swap space
#   Check if swap backing store is full
#   Decrease Java heap size (-Xmx/-Xms)
#   Decrease number of Java threads
#   Decrease Java thread stack sizes (-Xss)
#   Set larger code cache with -XX:ReservedCodeCacheSize=
#   JVM is running with Unscaled Compressed Oops mode in which the Java heap is
#     placed in the first 4GB address space. The Java Heap base address is the
#     maximum limit for the native heap growth. Please use -XX:HeapBaseMinAddress
#     to set the Java Heap base and to place the Java Heap above 4GB virtual address.
# This output file may be truncated or incomplete.
#
#  Out of Memory Error (allocation.cpp:44), pid=3904, tid=28756
#
# JRE version: OpenJDK Runtime Environment Temurin-21.0.8+9 (21.0.8+9) (build 21.0.8+9-LTS)
# Java VM: OpenJDK 64-Bit Server VM Temurin-21.0.8+9 (21.0.8+9-LTS, mixed mode, sharing, tiered, compressed oops, compressed class ptrs, parallel gc, windows-amd64)
# No core dump will be written. Minidumps are not enabled by default on client versions of Windows
#

---------------  S U M M A R Y ------------

Command Line: --add-modules=ALL-SYSTEM --add-opens=java.base/java.util=ALL-UNNAMED --add-opens=java.base/java.lang=ALL-UNNAMED --add-opens=java.base/sun.nio.fs=ALL-UNNAMED -Declipse.application=org.eclipse.jdt.ls.core.id1 -Dosgi.bundles.defaultStartLevel=4 -Declipse.product=org.eclipse.jdt.ls.core.product -Djava.import.generatesMetadataFilesAtProjectRoot=false -DDetectVMInstallationsJob.disabled=true -Dfile.encoding=utf8 -XX:+UseParallelGC -XX:GCTimeRatio=4 -XX:AdaptiveSizePolicyWeight=90 -Dsun.zip.disableMemoryMapping=true -Xmx2G -Xms100m -Xlog:disable -javaagent:c:\Users\tranl\.vscode\extensions\redhat.java-1.47.0-win32-x64\lombok\lombok-1.18.39-4050.jar -XX:+HeapDumpOnOutOfMemoryError -XX:HeapDumpPath=c:\Users\tranl\AppData\Roaming\Code\User\workspaceStorage\0729dae12c055ece94a63a1e2ab3123f\redhat.java -Daether.dependencyCollector.impl=bf c:\Users\tranl\.vscode\extensions\redhat.java-1.47.0-win32-x64\server\plugins\org.eclipse.equinox.launcher_1.7.100.v20251014-1222.jar -configuration c:\Users\tranl\AppData\Roaming\Code\User\globalStorage\redhat.java\1.47.0\config_win -data c:\Users\tranl\AppData\Roaming\Code\User\workspaceStorage\0729dae12c055ece94a63a1e2ab3123f\redhat.java\jdt_ws --pipe=\\.\pipe\lsp-e351251cd6b31a7d37f760a8c56c928f-sock

Host: 13th Gen Intel(R) Core(TM) i5-1334U, 12 cores, 15G,  Windows 11 , 64 bit Build 26100 (10.0.26100.7019)
Time: Wed Nov 12 14:57:16 2025 SE Asia Standard Time elapsed time: 4008.399807 seconds (0d 1h 6m 48s)

---------------  T H R E A D  ---------------

Current thread (0x000002228c669f90):  JavaThread "Attach Listener" daemon [_thread_in_vm, id=28756, stack(0x000000f8be100000,0x000000f8be200000) (1024K)]

Stack: [0x000000f8be100000,0x000000f8be200000]
Native frames: (J=compiled Java code, j=interpreted, Vv=VM code, C=native code)
V  [jvm.dll+0x6d2449]
V  [jvm.dll+0x8ae341]
V  [jvm.dll+0x8b08be]
V  [jvm.dll+0x8b0fa3]
V  [jvm.dll+0x280c96]
V  [jvm.dll+0xc0347]
V  [jvm.dll+0x6d2cf9]
V  [jvm.dll+0x131116]
V  [jvm.dll+0x3f2d16]
V  [jvm.dll+0x857e6b]
V  [jvm.dll+0x6d0b0d]
C  [ucrtbase.dll+0x37b0]
C  [KERNEL32.DLL+0x2e8d7]
C  [ntdll.dll+0x8c53c]


---------------  P R O C E S S  ---------------

Threads class SMR info:
_java_thread_list=0x000002229f987e90, length=46, elements={
0x0000022232d4bb90, 0x000002228c6648b0, 0x000002228c665910, 0x0000022232cfe220,
0x000002228c669f90, 0x000002228c66abe0, 0x000002228c66d640, 0x000002228c670480,
0x000002228c6e3130, 0x000002228c77b950, 0x000002228ca587d0, 0x00000222919a45c0,
0x000002229198a640, 0x000002229150b8a0, 0x0000022291655150, 0x00000222919f5870,
0x00000222920d3970, 0x00000222920b25d0, 0x00000222920b1220, 0x00000222920b2c60,
0x00000222920b0b90, 0x0000022293584070, 0x0000022293586140, 0x00000222935839e0,
0x0000022293583350, 0x0000022293584700, 0x0000022293584d90, 0x0000022293585420,
0x0000022293582cc0, 0x0000022293586e60, 0x00000222935867d0, 0x0000022293588f30,
0x00000222935874f0, 0x0000022293587b80, 0x0000022293588210, 0x0000022293585ab0,
0x0000022292f2aab0, 0x00000222935f2c50, 0x0000022293f5a330, 0x0000022293f57bd0,
0x0000022293f58f80, 0x0000022293f5c400, 0x0000022293f5ca90, 0x00000222935f3970,
0x00000222935f81a0, 0x00000222935fa270
}

Java Threads: ( => current thread )
  0x0000022232d4bb90 JavaThread "main"                              [_thread_blocked, id=23184, stack(0x000000f8bda00000,0x000000f8bdb00000) (1024K)]
  0x000002228c6648b0 JavaThread "Reference Handler"          daemon [_thread_blocked, id=20804, stack(0x000000f8bde00000,0x000000f8bdf00000) (1024K)]
  0x000002228c665910 JavaThread "Finalizer"                  daemon [_thread_blocked, id=15340, stack(0x000000f8bdf00000,0x000000f8be000000) (1024K)]
  0x0000022232cfe220 JavaThread "Signal Dispatcher"          daemon [_thread_blocked, id=14156, stack(0x000000f8be000000,0x000000f8be100000) (1024K)]
=>0x000002228c669f90 JavaThread "Attach Listener"            daemon [_thread_in_vm, id=28756, stack(0x000000f8be100000,0x000000f8be200000) (1024K)]
  0x000002228c66abe0 JavaThread "Service Thread"             daemon [_thread_blocked, id=12756, stack(0x000000f8be200000,0x000000f8be300000) (1024K)]
  0x000002228c66d640 JavaThread "Monitor Deflation Thread"   daemon [_thread_blocked, id=30056, stack(0x000000f8be300000,0x000000f8be400000) (1024K)]
  0x000002228c670480 JavaThread "C2 CompilerThread0"         daemon [_thread_blocked, id=16972, stack(0x000000f8be400000,0x000000f8be500000) (1024K)]
  0x000002228c6e3130 JavaThread "C1 CompilerThread0"         daemon [_thread_blocked, id=656, stack(0x000000f8be500000,0x000000f8be600000) (1024K)]
  0x000002228c77b950 JavaThread "Common-Cleaner"             daemon [_thread_blocked, id=12548, stack(0x000000f8be600000,0x000000f8be700000) (1024K)]
  0x000002228ca587d0 JavaThread "Notification Thread"        daemon [_thread_blocked, id=29968, stack(0x000000f8be800000,0x000000f8be900000) (1024K)]
  0x00000222919a45c0 JavaThread "Active Thread: Equinox Container: 9f1df715-775f-4fce-a6a9-1cfec95d8761"        [_thread_blocked, id=684, stack(0x000000f8bf000000,0x000000f8bf100000) (1024K)]
  0x000002229198a640 JavaThread "Refresh Thread: Equinox Container: 9f1df715-775f-4fce-a6a9-1cfec95d8761" daemon [_thread_blocked, id=21408, stack(0x000000f8bf200000,0x000000f8bf300000) (1024K)]
  0x000002229150b8a0 JavaThread "Framework Event Dispatcher: Equinox Container: 9f1df715-775f-4fce-a6a9-1cfec95d8761" daemon [_thread_blocked, id=31004, stack(0x000000f8bf300000,0x000000f8bf400000) (1024K)]
  0x0000022291655150 JavaThread "Start Level: Equinox Container: 9f1df715-775f-4fce-a6a9-1cfec95d8761" daemon [_thread_blocked, id=12576, stack(0x000000f8bf400000,0x000000f8bf500000) (1024K)]
  0x00000222919f5870 JavaThread "Bundle File Closer"         daemon [_thread_blocked, id=23216, stack(0x000000f8bf700000,0x000000f8bf800000) (1024K)]
  0x00000222920d3970 JavaThread "SCR Component Actor"        daemon [_thread_blocked, id=30156, stack(0x000000f8bf800000,0x000000f8bf900000) (1024K)]
  0x00000222920b25d0 JavaThread "Worker-JM"                         [_thread_blocked, id=12028, stack(0x000000f8bf900000,0x000000f8bfa00000) (1024K)]
  0x00000222920b1220 JavaThread "JNA Cleaner"                daemon [_thread_blocked, id=7580, stack(0x000000f8bfa00000,0x000000f8bfb00000) (1024K)]
  0x00000222920b2c60 JavaThread "Java indexing"              daemon [_thread_blocked, id=24984, stack(0x000000f8bfd00000,0x000000f8bfe00000) (1024K)]
  0x00000222920b0b90 JavaThread "Thread-1"                   daemon [_thread_in_native, id=24320, stack(0x000000f8c0200000,0x000000f8c0300000) (1024K)]
  0x0000022293584070 JavaThread "Thread-2"                   daemon [_thread_in_native, id=27584, stack(0x000000f8c0300000,0x000000f8c0400000) (1024K)]
  0x0000022293586140 JavaThread "Thread-3"                   daemon [_thread_in_native, id=26536, stack(0x000000f8c0400000,0x000000f8c0500000) (1024K)]
  0x00000222935839e0 JavaThread "Thread-4"                   daemon [_thread_in_native, id=9012, stack(0x000000f8c0500000,0x000000f8c0600000) (1024K)]
  0x0000022293583350 JavaThread "Thread-5"                   daemon [_thread_in_native, id=11616, stack(0x000000f8c0600000,0x000000f8c0700000) (1024K)]
  0x0000022293584700 JavaThread "Thread-6"                   daemon [_thread_in_native, id=25396, stack(0x000000f8c0700000,0x000000f8c0800000) (1024K)]
  0x0000022293584d90 JavaThread "Thread-7"                   daemon [_thread_in_native, id=1524, stack(0x000000f8c0800000,0x000000f8c0900000) (1024K)]
  0x0000022293585420 JavaThread "Thread-8"                   daemon [_thread_in_native, id=14052, stack(0x000000f8c0900000,0x000000f8c0a00000) (1024K)]
  0x0000022293582cc0 JavaThread "Thread-9"                   daemon [_thread_in_native, id=14360, stack(0x000000f8c0a00000,0x000000f8c0b00000) (1024K)]
  0x0000022293586e60 JavaThread "Thread-10"                  daemon [_thread_in_native, id=13888, stack(0x000000f8c0b00000,0x000000f8c0c00000) (1024K)]
  0x00000222935867d0 JavaThread "Thread-11"                  daemon [_thread_in_native, id=27096, stack(0x000000f8c0c00000,0x000000f8c0d00000) (1024K)]
  0x0000022293588f30 JavaThread "Thread-12"                  daemon [_thread_in_native, id=1252, stack(0x000000f8c0d00000,0x000000f8c0e00000) (1024K)]
  0x00000222935874f0 JavaThread "Thread-13"                  daemon [_thread_in_native, id=18888, stack(0x000000f8c0e00000,0x000000f8c0f00000) (1024K)]
  0x0000022293587b80 JavaThread "pool-2-thread-1"                   [_thread_blocked, id=30592, stack(0x000000f8c0f00000,0x000000f8c1000000) (1024K)]
  0x0000022293588210 JavaThread "WorkspaceEventsHandler"            [_thread_blocked, id=11372, stack(0x000000f8c1000000,0x000000f8c1100000) (1024K)]
  0x0000022293585ab0 JavaThread "pool-1-thread-1"                   [_thread_blocked, id=10236, stack(0x000000f8c1100000,0x000000f8c1200000) (1024K)]
  0x0000022292f2aab0 JavaThread "Cleaner-0"                  daemon [_thread_blocked, id=20896, stack(0x000000f8be900000,0x000000f8bea00000) (1024K)]
  0x00000222935f2c50 JavaThread "Worker-8"                          [_thread_blocked, id=24876, stack(0x000000f8bd900000,0x000000f8bda00000) (1024K)]
  0x0000022293f5a330 JavaThread "ForkJoinPool.commonPool-worker-30" daemon [_thread_blocked, id=31648, stack(0x000000f8c1a00000,0x000000f8c1b00000) (1024K)]
  0x0000022293f57bd0 JavaThread "ForkJoinPool.commonPool-worker-33" daemon [_thread_blocked, id=12688, stack(0x000000f8c1d00000,0x000000f8c1e00000) (1024K)]
  0x0000022293f58f80 JavaThread "ForkJoinPool.commonPool-worker-36" daemon [_thread_blocked, id=11288, stack(0x000000f8bfe00000,0x000000f8bff00000) (1024K)]
  0x0000022293f5c400 JavaThread "ForkJoinPool.commonPool-worker-39" daemon [_thread_blocked, id=26608, stack(0x000000f8c1600000,0x000000f8c1700000) (1024K)]
  0x0000022293f5ca90 JavaThread "ForkJoinPool.commonPool-worker-40" daemon [_thread_blocked, id=10088, stack(0x000000f8c1700000,0x000000f8c1800000) (1024K)]
  0x00000222935f3970 JavaThread "ForkJoinPool.commonPool-worker-43" daemon [_thread_blocked, id=5864, stack(0x000000f8c1c00000,0x000000f8c1d00000) (1024K)]
  0x00000222935f81a0 JavaThread "ForkJoinPool.commonPool-worker-42" daemon [_thread_blocked, id=2884, stack(0x000000f8c1e00000,0x000000f8c1f00000) (1024K)]
  0x00000222935fa270 JavaThread "Worker-13"                         [_thread_blocked, id=2516, stack(0x000000f8c1200000,0x000000f8c1300000) (1024K)]
Total: 46

Other Threads:
  0x0000022232ce4a40 VMThread "VM Thread"                           [id=16864, stack(0x000000f8bdd00000,0x000000f8bde00000) (1024K)]
  0x0000022232bdca00 WatcherThread "VM Periodic Task Thread"        [id=19048, stack(0x000000f8bdc00000,0x000000f8bdd00000) (1024K)]
  0x0000022232d6a530 WorkerThread "GC Thread#0"                     [id=10676, stack(0x000000f8bdb00000,0x000000f8bdc00000) (1024K)]
  0x00000222914cf790 WorkerThread "GC Thread#1"                     [id=7748, stack(0x000000f8bea00000,0x000000f8beb00000) (1024K)]
  0x00000222914ca980 WorkerThread "GC Thread#2"                     [id=31544, stack(0x000000f8beb00000,0x000000f8bec00000) (1024K)]
  0x0000022291800080 WorkerThread "GC Thread#3"                     [id=976, stack(0x000000f8bec00000,0x000000f8bed00000) (1024K)]
  0x0000022291800420 WorkerThread "GC Thread#4"                     [id=26704, stack(0x000000f8bed00000,0x000000f8bee00000) (1024K)]
  0x00000222918007c0 WorkerThread "GC Thread#5"                     [id=3356, stack(0x000000f8bee00000,0x000000f8bef00000) (1024K)]
  0x0000022291800b60 WorkerThread "GC Thread#6"                     [id=12216, stack(0x000000f8bef00000,0x000000f8bf000000) (1024K)]
  0x00000222917084b0 WorkerThread "GC Thread#7"                     [id=30672, stack(0x000000f8bf100000,0x000000f8bf200000) (1024K)]
  0x0000022291c65330 WorkerThread "GC Thread#8"                     [id=4932, stack(0x000000f8bf500000,0x000000f8bf600000) (1024K)]
  0x0000022291c656d0 WorkerThread "GC Thread#9"                     [id=19056, stack(0x000000f8bf600000,0x000000f8bf700000) (1024K)]
Total: 12

Threads with active compile tasks:
Total: 0

VM state: not at safepoint (normal execution)

VM Mutex/Monitor currently owned by a thread: None

Heap address: 0x0000000080000000, size: 2048 MB, Compressed Oops mode: 32-bit

CDS archive(s) mapped at: [0x000002224a000000-0x000002224aba0000-0x000002224aba0000), size 12189696, SharedBaseAddress: 0x000002224a000000, ArchiveRelocationMode: 1.
Compressed class space mapped at: 0x000002224b000000-0x000002228b000000, reserved size: 1073741824
Narrow klass base: 0x000002224a000000, Narrow klass shift: 0, Narrow klass range: 0x100000000

GC Precious Log:
 CardTable entry size: 512
 CPUs: 12 total, 12 available
 Memory: 16068M
 Large Page Support: Disabled
 NUMA Support: Disabled
 Compressed Oops: Enabled (32-bit)
 Alignments: Space 512K, Generation 512K, Heap 2M
 Heap Min Capacity: 100M
 Heap Initial Capacity: 100M
 Heap Max Capacity: 2G
 Pre-touch: Disabled
 Parallel Workers: 10

Heap:
 PSYoungGen      total 7168K, used 2325K [0x00000000d5580000, 0x00000000d5d80000, 0x0000000100000000)
  eden space 6656K, 29% used [0x00000000d5580000,0x00000000d57654e8,0x00000000d5c00000)
  from space 512K, 75% used [0x00000000d5c80000,0x00000000d5ce0000,0x00000000d5d00000)
  to   space 512K, 0% used [0x00000000d5d00000,0x00000000d5d00000,0x00000000d5d80000)
 ParOldGen       total 1012224K, used 1012058K [0x0000000080000000, 0x00000000bdc80000, 0x00000000d5580000)
  object space 1012224K, 99% used [0x0000000080000000,0x00000000bdc56818,0x00000000bdc80000)
 Metaspace       used 88304K, committed 89856K, reserved 1179648K
  class space    used 8961K, committed 9664K, reserved 1048576K

Card table byte_map: [0x00000222326f0000,0x0000022232b00000] _byte_map_base: 0x00000222322f0000

Marking Bits: (ParMarkBitMap*) 0x00007ff8861fa340
 Begin Bits: [0x00000222451f0000, 0x00000222471f0000)
 End Bits:   [0x00000222471f0000, 0x00000222491f0000)

Polling page: 0x0000022230b80000

Metaspace:

Usage:
  Non-class:     77.48 MB used.
      Class:      8.75 MB used.
       Both:     86.23 MB used.

Virtual space:
  Non-class space:      128.00 MB reserved,      78.31 MB ( 61%) committed,  2 nodes.
      Class space:        1.00 GB reserved,       9.44 MB ( <1%) committed,  1 nodes.
             Both:        1.12 GB reserved,      87.75 MB (  8%) committed. 

Chunk freelists:
   Non-Class:  1.69 MB
       Class:  6.51 MB
        Both:  8.19 MB

MaxMetaspaceSize: unlimited
CompressedClassSpaceSize: 1.00 GB
Initial GC threshold: 21.00 MB
Current GC threshold: 137.31 MB
CDS: on
 - commit_granule_bytes: 65536.
 - commit_granule_words: 8192.
 - virtual_space_node_default_size: 8388608.
 - enlarge_chunks_in_place: 1.
 - use_allocation_guard: 0.


Internal statistics:

num_allocs_failed_limit: 9.
num_arena_births: 1724.
num_arena_deaths: 356.
num_vsnodes_births: 3.
num_vsnodes_deaths: 0.
num_space_committed: 1404.
num_space_uncommitted: 0.
num_chunks_returned_to_freelist: 433.
num_chunks_taken_from_freelist: 6230.
num_chunk_merges: 118.
num_chunk_splits: 3546.
num_chunks_enlarged: 1882.
num_inconsistent_stats: 0.

CodeHeap 'non-profiled nmethods': size=120000Kb used=18013Kb max_used=18013Kb free=101986Kb
 bounds [0x000002223da10000, 0x000002223ebb0000, 0x0000022244f40000]
CodeHeap 'profiled nmethods': size=120000Kb used=42099Kb max_used=43711Kb free=77900Kb
 bounds [0x0000022235f40000, 0x0000022238a00000, 0x000002223d470000]
CodeHeap 'non-nmethods': size=5760Kb used=1511Kb max_used=1586Kb free=4248Kb
 bounds [0x000002223d470000, 0x000002223d6e0000, 0x000002223da10000]
CodeCache: size=245760Kb, used=61623Kb, max_used=63310Kb, free=184134Kb
 total_blobs=18462, nmethods=17635, adapters=729, full_count=0
Compilation: enabled, stopped_count=0, restarted_count=0

Compilation events (20 events):
Event: 3787.612 Thread 0x000002228c6e3130 nmethod 21955 0x0000022236f5aa90 code [0x0000022236f5ace0, 0x0000022236f5b720]
Event: 3787.612 Thread 0x000002228c6e3130 21956       3       org.eclipse.core.internal.resources.MarkerWriter::snap (153 bytes)
Event: 3787.615 Thread 0x000002228c6e3130 nmethod 21956 0x0000022237d3d090 code [0x0000022237d3d480, 0x0000022237d3f258]
Event: 3787.615 Thread 0x000002228c6e3130 21957       3       org.eclipse.core.internal.resources.SyncInfoWriter::snapSyncInfo (157 bytes)
Event: 3787.618 Thread 0x000002228c6e3130 nmethod 21957 0x0000022237770210 code [0x0000022237770700, 0x00000222377731c0]
Event: 3787.618 Thread 0x000002228c6e3130 21954   !   3       org.eclipse.core.internal.watson.ElementTreeIterator::<init> (51 bytes)
Event: 3787.619 Thread 0x000002228c6e3130 nmethod 21954 0x00000222373c9090 code [0x00000222373c92a0, 0x00000222373c9a40]
Event: 3787.636 Thread 0x000002228c670480 nmethod 21944 0x000002223eba2190 code [0x000002223eba2540, 0x000002223eba3df0]
Event: 3787.636 Thread 0x000002228c670480 21947       4       java.lang.ClassValue::get (31 bytes)
Event: 3787.638 Thread 0x000002228c670480 nmethod 21947 0x000002223eba5290 code [0x000002223eba5440, 0x000002223eba5600]
Event: 3787.722 Thread 0x000002228c670480 21958       4       org.eclipse.core.internal.resources.MarkerManager::basicFindMatching (176 bytes)
Event: 3787.726 Thread 0x000002228c6e3130 21959       3       org.eclipse.jdt.apt.core.internal.generatedfile.ClasspathUtil::updateProjectClasspath (429 bytes)
Event: 3787.731 Thread 0x000002228c6e3130 nmethod 21959 0x0000022237750b90 code [0x0000022237751020, 0x0000022237753cb8]
Event: 3787.763 Thread 0x000002228c670480 nmethod 21958 0x000002223eba5890 code [0x000002223eba5ac0, 0x000002223eba6878]
Event: 3846.074 Thread 0x000002228c6e3130 21960       1       com.sun.jna.internal.Cleaner::access$200 (5 bytes)
Event: 3846.074 Thread 0x000002228c6e3130 nmethod 21960 0x000002223eba6e90 code [0x000002223eba7020, 0x000002223eba70d0]
Event: 3860.096 Thread 0x000002228c6e3130 21961       3       sun.nio.ch.Util$BufferCache::isEmpty (13 bytes)
Event: 3860.097 Thread 0x000002228c6e3130 nmethod 21961 0x000002223899e090 code [0x000002223899e220, 0x000002223899e380]
Event: 3932.502 Thread 0x000002228c670480 21962       4       java.util.concurrent.locks.AbstractQueuedSynchronizer$Node::setStatusRelaxed (12 bytes)
Event: 3932.503 Thread 0x000002228c670480 nmethod 21962 0x000002223eba7190 code [0x000002223eba7320, 0x000002223eba73b0]

GC Heap History (20 events):
Event: 3760.300 GC heap before
{Heap before GC invocations=1872 (full 5):
 PSYoungGen      total 7168K, used 7034K [0x00000000d5580000, 0x00000000d5e00000, 0x0000000100000000)
  eden space 6656K, 100% used [0x00000000d5580000,0x00000000d5c00000,0x00000000d5c00000)
  from space 512K, 73% used [0x00000000d5d00000,0x00000000d5d5e900,0x00000000d5d80000)
  to   space 512K, 0% used [0x00000000d5d80000,0x00000000d5d80000,0x00000000d5e00000)
 ParOldGen       total 1011200K, used 1011040K [0x0000000080000000, 0x00000000bdb80000, 0x00000000d5580000)
  object space 1011200K, 99% used [0x0000000080000000,0x00000000bdb583f8,0x00000000bdb80000)
 Metaspace       used 88220K, committed 89792K, reserved 1179648K
  class space    used 8956K, committed 9664K, reserved 1048576K
}
Event: 3760.302 GC heap after
{Heap after GC invocations=1872 (full 5):
 PSYoungGen      total 7168K, used 362K [0x00000000d5580000, 0x00000000d5e00000, 0x0000000100000000)
  eden space 6656K, 0% used [0x00000000d5580000,0x00000000d5580000,0x00000000d5c00000)
  from space 512K, 70% used [0x00000000d5d80000,0x00000000d5dda910,0x00000000d5e00000)
  to   space 512K, 0% used [0x00000000d5d00000,0x00000000d5d00000,0x00000000d5d80000)
 ParOldGen       total 1011200K, used 1011072K [0x0000000080000000, 0x00000000bdb80000, 0x00000000d5580000)
  object space 1011200K, 99% used [0x0000000080000000,0x00000000bdb603f8,0x00000000bdb80000)
 Metaspace       used 88220K, committed 89792K, reserved 1179648K
  class space    used 8956K, committed 9664K, reserved 1048576K
}
Event: 3760.902 GC heap before
{Heap before GC invocations=1873 (full 5):
 PSYoungGen      total 7168K, used 7018K [0x00000000d5580000, 0x00000000d5e00000, 0x0000000100000000)
  eden space 6656K, 100% used [0x00000000d5580000,0x00000000d5c00000,0x00000000d5c00000)
  from space 512K, 70% used [0x00000000d5d80000,0x00000000d5dda910,0x00000000d5e00000)
  to   space 512K, 0% used [0x00000000d5d00000,0x00000000d5d00000,0x00000000d5d80000)
 ParOldGen       total 1011200K, used 1011072K [0x0000000080000000, 0x00000000bdb80000, 0x00000000d5580000)
  object space 1011200K, 99% used [0x0000000080000000,0x00000000bdb603f8,0x00000000bdb80000)
 Metaspace       used 88226K, committed 89792K, reserved 1179648K
  class space    used 8956K, committed 9664K, reserved 1048576K
}
Event: 3760.905 GC heap after
{Heap after GC invocations=1873 (full 5):
 PSYoungGen      total 7168K, used 505K [0x00000000d5580000, 0x00000000d5e00000, 0x0000000100000000)
  eden space 6656K, 0% used [0x00000000d5580000,0x00000000d5580000,0x00000000d5c00000)
  from space 512K, 98% used [0x00000000d5d00000,0x00000000d5d7e410,0x00000000d5d80000)
  to   space 512K, 0% used [0x00000000d5d80000,0x00000000d5d80000,0x00000000d5e00000)
 ParOldGen       total 1011712K, used 1011264K [0x0000000080000000, 0x00000000bdc00000, 0x00000000d5580000)
  object space 1011712K, 99% used [0x0000000080000000,0x00000000bdb903f8,0x00000000bdc00000)
 Metaspace       used 88226K, committed 89792K, reserved 1179648K
  class space    used 8956K, committed 9664K, reserved 1048576K
}
Event: 3761.904 GC heap before
{Heap before GC invocations=1874 (full 5):
 PSYoungGen      total 7168K, used 7161K [0x00000000d5580000, 0x00000000d5e00000, 0x0000000100000000)
  eden space 6656K, 100% used [0x00000000d5580000,0x00000000d5c00000,0x00000000d5c00000)
  from space 512K, 98% used [0x00000000d5d00000,0x00000000d5d7e410,0x00000000d5d80000)
  to   space 512K, 0% used [0x00000000d5d80000,0x00000000d5d80000,0x00000000d5e00000)
 ParOldGen       total 1011712K, used 1011264K [0x0000000080000000, 0x00000000bdc00000, 0x00000000d5580000)
  object space 1011712K, 99% used [0x0000000080000000,0x00000000bdb903f8,0x00000000bdc00000)
 Metaspace       used 88260K, committed 89792K, reserved 1179648K
  class space    used 8960K, committed 9664K, reserved 1048576K
}
Event: 3761.907 GC heap after
{Heap after GC invocations=1874 (full 5):
 PSYoungGen      total 7168K, used 404K [0x00000000d5580000, 0x00000000d5e00000, 0x0000000100000000)
  eden space 6656K, 0% used [0x00000000d5580000,0x00000000d5580000,0x00000000d5c00000)
  from space 512K, 79% used [0x00000000d5d80000,0x00000000d5de5200,0x00000000d5e00000)
  to   space 512K, 0% used [0x00000000d5d00000,0x00000000d5d00000,0x00000000d5d80000)
 ParOldGen       total 1011712K, used 1011541K [0x0000000080000000, 0x00000000bdc00000, 0x00000000d5580000)
  object space 1011712K, 99% used [0x0000000080000000,0x00000000bdbd5608,0x00000000bdc00000)
 Metaspace       used 88260K, committed 89792K, reserved 1179648K
  class space    used 8960K, committed 9664K, reserved 1048576K
}
Event: 3762.265 GC heap before
{Heap before GC invocations=1875 (full 5):
 PSYoungGen      total 7168K, used 7060K [0x00000000d5580000, 0x00000000d5e00000, 0x0000000100000000)
  eden space 6656K, 100% used [0x00000000d5580000,0x00000000d5c00000,0x00000000d5c00000)
  from space 512K, 79% used [0x00000000d5d80000,0x00000000d5de5200,0x00000000d5e00000)
  to   space 512K, 0% used [0x00000000d5d00000,0x00000000d5d00000,0x00000000d5d80000)
 ParOldGen       total 1011712K, used 1011541K [0x0000000080000000, 0x00000000bdc00000, 0x00000000d5580000)
  object space 1011712K, 99% used [0x0000000080000000,0x00000000bdbd5608,0x00000000bdc00000)
 Metaspace       used 88262K, committed 89792K, reserved 1179648K
  class space    used 8960K, committed 9664K, reserved 1048576K
}
Event: 3762.266 GC heap after
{Heap after GC invocations=1875 (full 5):
 PSYoungGen      total 7168K, used 372K [0x00000000d5580000, 0x00000000d5e00000, 0x0000000100000000)
  eden space 6656K, 0% used [0x00000000d5580000,0x00000000d5580000,0x00000000d5c00000)
  from space 512K, 72% used [0x00000000d5d00000,0x00000000d5d5d200,0x00000000d5d80000)
  to   space 512K, 0% used [0x00000000d5d80000,0x00000000d5d80000,0x00000000d5e00000)
 ParOldGen       total 1011712K, used 1011613K [0x0000000080000000, 0x00000000bdc00000, 0x00000000d5580000)
  object space 1011712K, 99% used [0x0000000080000000,0x00000000bdbe7608,0x00000000bdc00000)
 Metaspace       used 88262K, committed 89792K, reserved 1179648K
  class space    used 8960K, committed 9664K, reserved 1048576K
}
Event: 3762.596 GC heap before
{Heap before GC invocations=1876 (full 5):
 PSYoungGen      total 7168K, used 7028K [0x00000000d5580000, 0x00000000d5e00000, 0x0000000100000000)
  eden space 6656K, 100% used [0x00000000d5580000,0x00000000d5c00000,0x00000000d5c00000)
  from space 512K, 72% used [0x00000000d5d00000,0x00000000d5d5d200,0x00000000d5d80000)
  to   space 512K, 0% used [0x00000000d5d80000,0x00000000d5d80000,0x00000000d5e00000)
 ParOldGen       total 1011712K, used 1011613K [0x0000000080000000, 0x00000000bdc00000, 0x00000000d5580000)
  object space 1011712K, 99% used [0x0000000080000000,0x00000000bdbe7608,0x00000000bdc00000)
 Metaspace       used 88263K, committed 89792K, reserved 1179648K
  class space    used 8960K, committed 9664K, reserved 1048576K
}
Event: 3762.597 GC heap after
{Heap after GC invocations=1876 (full 5):
 PSYoungGen      total 7168K, used 500K [0x00000000d5580000, 0x00000000d5e00000, 0x0000000100000000)
  eden space 6656K, 0% used [0x00000000d5580000,0x00000000d5580000,0x00000000d5c00000)
  from space 512K, 97% used [0x00000000d5d80000,0x00000000d5dfd200,0x00000000d5e00000)
  to   space 1024K, 0% used [0x00000000d5c00000,0x00000000d5c00000,0x00000000d5d00000)
 ParOldGen       total 1011712K, used 1011661K [0x0000000080000000, 0x00000000bdc00000, 0x00000000d5580000)
  object space 1011712K, 99% used [0x0000000080000000,0x00000000bdbf3608,0x00000000bdc00000)
 Metaspace       used 88263K, committed 89792K, reserved 1179648K
  class space    used 8960K, committed 9664K, reserved 1048576K
}
Event: 3763.184 GC heap before
{Heap before GC invocations=1877 (full 5):
 PSYoungGen      total 7168K, used 7156K [0x00000000d5580000, 0x00000000d5e00000, 0x0000000100000000)
  eden space 6656K, 100% used [0x00000000d5580000,0x00000000d5c00000,0x00000000d5c00000)
  from space 512K, 97% used [0x00000000d5d80000,0x00000000d5dfd200,0x00000000d5e00000)
  to   space 1024K, 0% used [0x00000000d5c00000,0x00000000d5c00000,0x00000000d5d00000)
 ParOldGen       total 1011712K, used 1011661K [0x0000000080000000, 0x00000000bdc00000, 0x00000000d5580000)
  object space 1011712K, 99% used [0x0000000080000000,0x00000000bdbf3608,0x00000000bdc00000)
 Metaspace       used 88269K, committed 89792K, reserved 1179648K
  class space    used 8961K, committed 9664K, reserved 1048576K
}
Event: 3763.187 GC heap after
{Heap after GC invocations=1877 (full 5):
 PSYoungGen      total 7680K, used 777K [0x00000000d5580000, 0x00000000d5e00000, 0x0000000100000000)
  eden space 6656K, 0% used [0x00000000d5580000,0x00000000d5580000,0x00000000d5c00000)
  from space 1024K, 75% used [0x00000000d5c00000,0x00000000d5cc2400,0x00000000d5d00000)
  to   space 1024K, 0% used [0x00000000d5d00000,0x00000000d5d00000,0x00000000d5e00000)
 ParOldGen       total 1011712K, used 1011709K [0x0000000080000000, 0x00000000bdc00000, 0x00000000d5580000)
  object space 1011712K, 99% used [0x0000000080000000,0x00000000bdbff608,0x00000000bdc00000)
 Metaspace       used 88269K, committed 89792K, reserved 1179648K
  class space    used 8961K, committed 9664K, reserved 1048576K
}
Event: 3763.336 GC heap before
{Heap before GC invocations=1878 (full 5):
 PSYoungGen      total 7680K, used 7433K [0x00000000d5580000, 0x00000000d5e00000, 0x0000000100000000)
  eden space 6656K, 100% used [0x00000000d5580000,0x00000000d5c00000,0x00000000d5c00000)
  from space 1024K, 75% used [0x00000000d5c00000,0x00000000d5cc2400,0x00000000d5d00000)
  to   space 1024K, 0% used [0x00000000d5d00000,0x00000000d5d00000,0x00000000d5e00000)
 ParOldGen       total 1011712K, used 1011709K [0x0000000080000000, 0x00000000bdc00000, 0x00000000d5580000)
  object space 1011712K, 99% used [0x0000000080000000,0x00000000bdbff608,0x00000000bdc00000)
 Metaspace       used 88270K, committed 89792K, reserved 1179648K
  class space    used 8961K, committed 9664K, reserved 1048576K
}
Event: 3763.337 GC heap after
{Heap after GC invocations=1878 (full 5):
 PSYoungGen      total 7680K, used 586K [0x00000000d5580000, 0x00000000d5e00000, 0x0000000100000000)
  eden space 6656K, 0% used [0x00000000d5580000,0x00000000d5580000,0x00000000d5c00000)
  from space 1024K, 57% used [0x00000000d5d00000,0x00000000d5d92910,0x00000000d5e00000)
  to   space 1024K, 0% used [0x00000000d5c00000,0x00000000d5c00000,0x00000000d5d00000)
 ParOldGen       total 1012224K, used 1011741K [0x0000000080000000, 0x00000000bdc80000, 0x00000000d5580000)
  object space 1012224K, 99% used [0x0000000080000000,0x00000000bdc07608,0x00000000bdc80000)
 Metaspace       used 88270K, committed 89792K, reserved 1179648K
  class space    used 8961K, committed 9664K, reserved 1048576K
}
Event: 3764.518 GC heap before
{Heap before GC invocations=1879 (full 5):
 PSYoungGen      total 7680K, used 7242K [0x00000000d5580000, 0x00000000d5e00000, 0x0000000100000000)
  eden space 6656K, 100% used [0x00000000d5580000,0x00000000d5c00000,0x00000000d5c00000)
  from space 1024K, 57% used [0x00000000d5d00000,0x00000000d5d92910,0x00000000d5e00000)
  to   space 1024K, 0% used [0x00000000d5c00000,0x00000000d5c00000,0x00000000d5d00000)
 ParOldGen       total 1012224K, used 1011741K [0x0000000080000000, 0x00000000bdc80000, 0x00000000d5580000)
  object space 1012224K, 99% used [0x0000000080000000,0x00000000bdc07608,0x00000000bdc80000)
 Metaspace       used 88287K, committed 89856K, reserved 1179648K
  class space    used 8961K, committed 9664K, reserved 1048576K
}
Event: 3764.520 GC heap after
{Heap after GC invocations=1879 (full 5):
 PSYoungGen      total 7680K, used 250K [0x00000000d5580000, 0x00000000d5d80000, 0x0000000100000000)
  eden space 6656K, 0% used [0x00000000d5580000,0x00000000d5580000,0x00000000d5c00000)
  from space 1024K, 24% used [0x00000000d5c00000,0x00000000d5c3e900,0x00000000d5d00000)
  to   space 512K, 0% used [0x00000000d5d00000,0x00000000d5d00000,0x00000000d5d80000)
 ParOldGen       total 1012224K, used 1011765K [0x0000000080000000, 0x00000000bdc80000, 0x00000000d5580000)
  object space 1012224K, 99% used [0x0000000080000000,0x00000000bdc0d608,0x00000000bdc80000)
 Metaspace       used 88287K, committed 89856K, reserved 1179648K
  class space    used 8961K, committed 9664K, reserved 1048576K
}
Event: 3764.888 GC heap before
{Heap before GC invocations=1880 (full 5):
 PSYoungGen      total 7680K, used 6906K [0x00000000d5580000, 0x00000000d5d80000, 0x0000000100000000)
  eden space 6656K, 100% used [0x00000000d5580000,0x00000000d5c00000,0x00000000d5c00000)
  from space 1024K, 24% used [0x00000000d5c00000,0x00000000d5c3e900,0x00000000d5d00000)
  to   space 512K, 0% used [0x00000000d5d00000,0x00000000d5d00000,0x00000000d5d80000)
 ParOldGen       total 1012224K, used 1011765K [0x0000000080000000, 0x00000000bdc80000, 0x00000000d5580000)
  object space 1012224K, 99% used [0x0000000080000000,0x00000000bdc0d608,0x00000000bdc80000)
 Metaspace       used 88288K, committed 89856K, reserved 1179648K
  class space    used 8961K, committed 9664K, reserved 1048576K
}
Event: 3764.890 GC heap after
{Heap after GC invocations=1880 (full 5):
 PSYoungGen      total 7168K, used 410K [0x00000000d5580000, 0x00000000d5d80000, 0x0000000100000000)
  eden space 6656K, 0% used [0x00000000d5580000,0x00000000d5580000,0x00000000d5c00000)
  from space 512K, 80% used [0x00000000d5d00000,0x00000000d5d66900,0x00000000d5d80000)
  to   space 512K, 0% used [0x00000000d5c80000,0x00000000d5c80000,0x00000000d5d00000)
 ParOldGen       total 1012224K, used 1011789K [0x0000000080000000, 0x00000000bdc80000, 0x00000000d5580000)
  object space 1012224K, 99% used [0x0000000080000000,0x00000000bdc13608,0x00000000bdc80000)
 Metaspace       used 88288K, committed 89856K, reserved 1179648K
  class space    used 8961K, committed 9664K, reserved 1048576K
}
Event: 3787.589 GC heap before
{Heap before GC invocations=1881 (full 5):
 PSYoungGen      total 7168K, used 7066K [0x00000000d5580000, 0x00000000d5d80000, 0x0000000100000000)
  eden space 6656K, 99% used [0x00000000d5580000,0x00000000d5bfffd0,0x00000000d5c00000)
  from space 512K, 80% used [0x00000000d5d00000,0x00000000d5d66900,0x00000000d5d80000)
  to   space 512K, 0% used [0x00000000d5c80000,0x00000000d5c80000,0x00000000d5d00000)
 ParOldGen       total 1012224K, used 1011789K [0x0000000080000000, 0x00000000bdc80000, 0x00000000d5580000)
  object space 1012224K, 99% used [0x0000000080000000,0x00000000bdc13608,0x00000000bdc80000)
 Metaspace       used 88290K, committed 89856K, reserved 1179648K
  class space    used 8961K, committed 9664K, reserved 1048576K
}
Event: 3787.596 GC heap after
{Heap after GC invocations=1881 (full 5):
 PSYoungGen      total 7168K, used 384K [0x00000000d5580000, 0x00000000d5d80000, 0x0000000100000000)
  eden space 6656K, 0% used [0x00000000d5580000,0x00000000d5580000,0x00000000d5c00000)
  from space 512K, 75% used [0x00000000d5c80000,0x00000000d5ce0000,0x00000000d5d00000)
  to   space 512K, 0% used [0x00000000d5d00000,0x00000000d5d00000,0x00000000d5d80000)
 ParOldGen       total 1012224K, used 1012058K [0x0000000080000000, 0x00000000bdc80000, 0x00000000d5580000)
  object space 1012224K, 99% used [0x0000000080000000,0x00000000bdc56818,0x00000000bdc80000)
 Metaspace       used 88290K, committed 89856K, reserved 1179648K
  class space    used 8961K, committed 9664K, reserved 1048576K
}

Dll operation events (12 events):
Event: 0.015 Loaded shared library c:\Users\tranl\.vscode\extensions\redhat.java-1.47.0-win32-x64\jre\21.0.8-win32-x86_64\bin\java.dll
Event: 0.113 Loaded shared library c:\Users\tranl\.vscode\extensions\redhat.java-1.47.0-win32-x64\jre\21.0.8-win32-x86_64\bin\zip.dll
Event: 0.157 Loaded shared library C:\Users\tranl\.vscode\extensions\redhat.java-1.47.0-win32-x64\jre\21.0.8-win32-x86_64\bin\instrument.dll
Event: 0.165 Loaded shared library C:\Users\tranl\.vscode\extensions\redhat.java-1.47.0-win32-x64\jre\21.0.8-win32-x86_64\bin\net.dll
Event: 0.170 Loaded shared library C:\Users\tranl\.vscode\extensions\redhat.java-1.47.0-win32-x64\jre\21.0.8-win32-x86_64\bin\nio.dll
Event: 0.181 Loaded shared library C:\Users\tranl\.vscode\extensions\redhat.java-1.47.0-win32-x64\jre\21.0.8-win32-x86_64\bin\zip.dll
Event: 0.219 Loaded shared library C:\Users\tranl\.vscode\extensions\redhat.java-1.47.0-win32-x64\jre\21.0.8-win32-x86_64\bin\jimage.dll
Event: 0.318 Loaded shared library c:\Users\tranl\.vscode\extensions\redhat.java-1.47.0-win32-x64\jre\21.0.8-win32-x86_64\bin\verify.dll
Event: 1.632 Loaded shared library C:\Users\tranl\AppData\Roaming\Code\User\globalStorage\redhat.java\1.47.0\config_win\org.eclipse.equinox.launcher\org.eclipse.equinox.launcher.win32.win32.x86_64_1.2.1400.v20250801-0854\eclipse_11916.dll
Event: 3.315 Loaded shared library C:\Users\tranl\AppData\Local\Temp\jna-110621345\jna12813823657076591997.dll
Event: 10.005 Loaded shared library C:\Users\tranl\.vscode\extensions\redhat.java-1.47.0-win32-x64\jre\21.0.8-win32-x86_64\bin\sunmscapi.dll
Event: 3511.308 Loaded shared library C:\Users\tranl\.vscode\extensions\redhat.java-1.47.0-win32-x64\jre\21.0.8-win32-x86_64\bin\extnet.dll

Deoptimization events (20 events):
Event: 3760.306 Thread 0x0000022293f5de40 Uncommon trap: trap_request=0xffffff45 fr.pc=0x000002223eb0034c relative=0x0000000000002c8c
Event: 3760.306 Thread 0x0000022293f5de40 Uncommon trap: reason=unstable_if action=reinterpret pc=0x000002223eb0034c method=org.eclipse.jdt.core.dom.DefaultBindingResolver.resolveName(Lorg/eclipse/jdt/core/dom/Name;)Lorg/eclipse/jdt/core/dom/IBinding; @ 1142 c2
Event: 3760.306 Thread 0x0000022293f5de40 DEOPT PACKING pc=0x000002223eb0034c sp=0x000000f8c18fe3f0
Event: 3760.306 Thread 0x0000022293f5de40 DEOPT UNPACKING pc=0x000002223d4c3aa2 sp=0x000000f8c18fe3a0 mode 2
Event: 3761.679 Thread 0x00000222935f6760 DEOPT PACKING pc=0x00000222362a4839 sp=0x000000f8bfffe620
Event: 3761.679 Thread 0x00000222935f6760 DEOPT UNPACKING pc=0x000002223d4c4242 sp=0x000000f8bfffdb68 mode 0
Event: 3761.693 Thread 0x0000022293f5de40 Uncommon trap: trap_request=0xffffff45 fr.pc=0x000002223e8e6c30 relative=0x0000000000005010
Event: 3761.693 Thread 0x0000022293f5de40 Uncommon trap: reason=unstable_if action=reinterpret pc=0x000002223e8e6c30 method=lombok.eclipse.EclipseAST.buildStatement(Lorg/eclipse/jdt/internal/compiler/ast/Statement;)Llombok/eclipse/EclipseNode; @ 26 c2
Event: 3761.693 Thread 0x0000022293f5de40 DEOPT PACKING pc=0x000002223e8e6c30 sp=0x000000f8c18fd620
Event: 3761.693 Thread 0x0000022293f5de40 DEOPT UNPACKING pc=0x000002223d4c3aa2 sp=0x000000f8c18fd6c0 mode 2
Event: 3762.260 Thread 0x00000222935fa270 Uncommon trap: trap_request=0xffffff45 fr.pc=0x000002223eb6bcbc relative=0x000000000000089c
Event: 3762.260 Thread 0x00000222935fa270 Uncommon trap: reason=unstable_if action=reinterpret pc=0x000002223eb6bcbc method=org.eclipse.jdt.internal.compiler.parser.Scanner.internalScanIdentifierOrKeyword(II[C)Lorg/eclipse/jdt/internal/compiler/parser/TerminalToken; @ 1742 c2
Event: 3762.260 Thread 0x00000222935fa270 DEOPT PACKING pc=0x000002223eb6bcbc sp=0x000000f8c12fe630
Event: 3762.260 Thread 0x00000222935fa270 DEOPT UNPACKING pc=0x000002223d4c3aa2 sp=0x000000f8c12fe5d0 mode 2
Event: 3765.348 Thread 0x00000222935f2c50 DEOPT PACKING pc=0x000002223762a9df sp=0x000000f8bd9fe780
Event: 3765.348 Thread 0x00000222935f2c50 DEOPT UNPACKING pc=0x000002223d4c4242 sp=0x000000f8bd9fdcc0 mode 0
Event: 3787.597 Thread 0x0000022293f59610 Uncommon trap: trap_request=0xffffff45 fr.pc=0x000002223e4530b4 relative=0x00000000000044f4
Event: 3787.597 Thread 0x0000022293f59610 Uncommon trap: reason=unstable_if action=reinterpret pc=0x000002223e4530b4 method=java.io.ClassCache.processQueue()V @ 9 c2
Event: 3787.597 Thread 0x0000022293f59610 DEOPT PACKING pc=0x000002223e4530b4 sp=0x000000f8bd7ff0c0
Event: 3787.597 Thread 0x0000022293f59610 DEOPT UNPACKING pc=0x000002223d4c3aa2 sp=0x000000f8bd7fef68 mode 2

Classes loaded (20 events):
Event: 3555.744 Loading class jdk/internal/module/IllegalAccessLogger
Event: 3555.744 Loading class jdk/internal/module/IllegalAccessLogger done
Event: 3560.098 Loading class jdk/internal/module/IllegalAccessLogger
Event: 3560.098 Loading class jdk/internal/module/IllegalAccessLogger done
Event: 3561.193 Loading class jdk/internal/module/IllegalAccessLogger
Event: 3561.193 Loading class jdk/internal/module/IllegalAccessLogger done
Event: 3623.957 Loading class jdk/internal/module/IllegalAccessLogger
Event: 3623.957 Loading class jdk/internal/module/IllegalAccessLogger done
Event: 3625.004 Loading class jdk/internal/module/IllegalAccessLogger
Event: 3625.004 Loading class jdk/internal/module/IllegalAccessLogger done
Event: 3626.059 Loading class jdk/internal/module/IllegalAccessLogger
Event: 3626.059 Loading class jdk/internal/module/IllegalAccessLogger done
Event: 3628.513 Loading class jdk/internal/module/IllegalAccessLogger
Event: 3628.513 Loading class jdk/internal/module/IllegalAccessLogger done
Event: 3629.570 Loading class jdk/internal/module/IllegalAccessLogger
Event: 3629.570 Loading class jdk/internal/module/IllegalAccessLogger done
Event: 3637.614 Loading class jdk/internal/module/IllegalAccessLogger
Event: 3637.614 Loading class jdk/internal/module/IllegalAccessLogger done
Event: 3638.656 Loading class jdk/internal/module/IllegalAccessLogger
Event: 3638.656 Loading class jdk/internal/module/IllegalAccessLogger done

Classes unloaded (20 events):
Event: 3488.807 Thread 0x0000022232ce4a40 Unloading class 0x000002224b018800 'java/lang/invoke/LambdaForm$MH+0x000002224b018800'
Event: 3488.807 Thread 0x0000022232ce4a40 Unloading class 0x000002224b014800 'java/lang/invoke/LambdaForm$MH+0x000002224b014800'
Event: 3488.807 Thread 0x0000022232ce4a40 Unloading class 0x000002224b00d800 'java/lang/invoke/LambdaForm$MH+0x000002224b00d800'
Event: 3488.807 Thread 0x0000022232ce4a40 Unloading class 0x000002224b00d400 'java/lang/invoke/LambdaForm$MH+0x000002224b00d400'
Event: 3488.807 Thread 0x0000022232ce4a40 Unloading class 0x000002224b00d000 'java/lang/invoke/LambdaForm$MH+0x000002224b00d000'
Event: 3488.807 Thread 0x0000022232ce4a40 Unloading class 0x000002224b00cc00 'java/lang/invoke/LambdaForm$MH+0x000002224b00cc00'
Event: 3488.807 Thread 0x0000022232ce4a40 Unloading class 0x000002224b00c800 'java/lang/invoke/LambdaForm$BMH+0x000002224b00c800'
Event: 3488.807 Thread 0x0000022232ce4a40 Unloading class 0x000002224b00c000 'java/lang/invoke/LambdaForm$DMH+0x000002224b00c000'
Event: 3488.807 Thread 0x0000022232ce4a40 Unloading class 0x000002224b008c00 'java/lang/invoke/LambdaForm$MH+0x000002224b008c00'
Event: 3488.807 Thread 0x0000022232ce4a40 Unloading class 0x000002224b008800 'java/lang/invoke/LambdaForm$MH+0x000002224b008800'
Event: 3488.807 Thread 0x0000022232ce4a40 Unloading class 0x000002224b008400 'java/lang/invoke/LambdaForm$MH+0x000002224b008400'
Event: 3488.807 Thread 0x0000022232ce4a40 Unloading class 0x000002224b007000 'java/lang/invoke/LambdaForm$MH+0x000002224b007000'
Event: 3488.807 Thread 0x0000022232ce4a40 Unloading class 0x000002224b006800 'java/lang/invoke/LambdaForm$MH+0x000002224b006800'
Event: 3488.807 Thread 0x0000022232ce4a40 Unloading class 0x000002224b006400 'java/lang/invoke/LambdaForm$MH+0x000002224b006400'
Event: 3488.807 Thread 0x0000022232ce4a40 Unloading class 0x000002224b006000 'java/lang/invoke/LambdaForm$MH+0x000002224b006000'
Event: 3488.807 Thread 0x0000022232ce4a40 Unloading class 0x000002224b005c00 'java/lang/invoke/LambdaForm$BMH+0x000002224b005c00'
Event: 3488.807 Thread 0x0000022232ce4a40 Unloading class 0x000002224b004800 'java/lang/invoke/LambdaForm$DMH+0x000002224b004800'
Event: 3488.807 Thread 0x0000022232ce4a40 Unloading class 0x000002224b002400 'java/lang/invoke/LambdaForm$MH+0x000002224b002400'
Event: 3488.807 Thread 0x0000022232ce4a40 Unloading class 0x000002224b002000 'java/lang/invoke/LambdaForm$MH+0x000002224b002000'
Event: 3488.807 Thread 0x0000022232ce4a40 Unloading class 0x000002224b001800 'java/lang/invoke/LambdaForm$MH+0x000002224b001800'

Classes redefined (0 events):
No events

Internal exceptions (20 events):
Event: 3678.316 Thread 0x0000022293f5bd70 Exception <a 'java/lang/ArrayIndexOutOfBoundsException'{0x00000000d5b58ae8}> (0x00000000d5b58ae8) 
thrown [s\src\hotspot\share\runtime\sharedRuntime.cpp, line 625]
Event: 3679.039 Thread 0x0000022293f5bd70 Exception <a 'java/lang/ArrayIndexOutOfBoundsException'{0x00000000d5621590}> (0x00000000d5621590) 
thrown [s\src\hotspot\share\runtime\sharedRuntime.cpp, line 625]
Event: 3679.270 Thread 0x0000022293f5bd70 Exception <a 'java/lang/ArrayIndexOutOfBoundsException'{0x00000000d58fc518}> (0x00000000d58fc518) 
thrown [s\src\hotspot\share\runtime\sharedRuntime.cpp, line 625]
Event: 3679.853 Thread 0x0000022293f5bd70 Implicit null exception at 0x000002223e727499 to 0x000002223e7275d4
Event: 3681.083 Thread 0x0000022293f5bd70 Exception <a 'java/lang/ArrayIndexOutOfBoundsException'{0x00000000d5a0ff98}> (0x00000000d5a0ff98) 
thrown [s\src\hotspot\share\runtime\sharedRuntime.cpp, line 625]
Event: 3681.623 Thread 0x0000022293f5de40 Exception <a 'java/lang/ArrayIndexOutOfBoundsException'{0x00000000d59b1260}> (0x00000000d59b1260) 
thrown [s\src\hotspot\share\runtime\sharedRuntime.cpp, line 625]
Event: 3682.142 Thread 0x0000022293f5bd70 Exception <a 'java/lang/ArrayIndexOutOfBoundsException'{0x00000000d5926528}> (0x00000000d5926528) 
thrown [s\src\hotspot\share\runtime\sharedRuntime.cpp, line 625]
Event: 3692.398 Thread 0x00000222935f5a40 Implicit null exception at 0x000002223e0eb56e to 0x000002223e0ed699
Event: 3715.267 Thread 0x00000222935f5a40 Exception <a 'java/lang/ArrayIndexOutOfBoundsException'{0x00000000d5b5f5c8}: Index 415 out of bounds for length 415> (0x00000000d5b5f5c8) 
thrown [s\src\hotspot\share\interpreter\interpreterRuntime.cpp, line 439]
Event: 3747.190 Thread 0x0000022293f5de40 Exception <a 'java/lang/ArrayIndexOutOfBoundsException'{0x00000000d5bca430}: Index 71 out of bounds for length 71> (0x00000000d5bca430) 
thrown [s\src\hotspot\share\interpreter\interpreterRuntime.cpp, line 439]
Event: 3747.211 Thread 0x0000022293f5de40 Implicit null exception at 0x000002223e55c99e to 0x000002223e55cc0c
Event: 3747.241 Thread 0x0000022293f5de40 Implicit null exception at 0x000002223e9267ad to 0x000002223e926e74
Event: 3748.356 Thread 0x00000222935f5a40 Exception <a 'java/lang/ArrayIndexOutOfBoundsException'{0x00000000d5a82f08}: Index 72 out of bounds for length 72> (0x00000000d5a82f08) 
thrown [s\src\hotspot\share\interpreter\interpreterRuntime.cpp, line 439]
Event: 3751.048 Thread 0x00000222935f5a40 Exception <a 'java/lang/ArrayIndexOutOfBoundsException'{0x00000000d59375b8}: Index 75 out of bounds for length 75> (0x00000000d59375b8) 
thrown [s\src\hotspot\share\interpreter\interpreterRuntime.cpp, line 439]
Event: 3751.631 Thread 0x0000022293f5de40 Exception <a 'java/lang/ArrayIndexOutOfBoundsException'{0x00000000d5b17b38}: Index 75 out of bounds for length 75> (0x00000000d5b17b38) 
thrown [s\src\hotspot\share\interpreter\interpreterRuntime.cpp, line 439]
Event: 3752.097 Thread 0x0000022293f5de40 Exception <a 'java/lang/ArrayIndexOutOfBoundsException'{0x00000000d57818f0}: Index 75 out of bounds for length 75> (0x00000000d57818f0) 
thrown [s\src\hotspot\share\interpreter\interpreterRuntime.cpp, line 439]
Event: 3757.447 Thread 0x00000222935f5a40 Exception <a 'java/lang/ArrayIndexOutOfBoundsException'{0x00000000d5929778}: Index 75 out of bounds for length 75> (0x00000000d5929778) 
thrown [s\src\hotspot\share\interpreter\interpreterRuntime.cpp, line 439]
Event: 3758.586 Thread 0x00000222935f5a40 Exception <a 'java/lang/ArrayIndexOutOfBoundsException'{0x00000000d5714038}: Index 76 out of bounds for length 76> (0x00000000d5714038) 
thrown [s\src\hotspot\share\interpreter\interpreterRuntime.cpp, line 439]
Event: 3787.587 Thread 0x0000022293f59610 Exception <a 'sun/nio/fs/WindowsException'{0x00000000d5bee9c8}> (0x00000000d5bee9c8) 
thrown [s\src\hotspot\share\prims\jni.cpp, line 520]
Event: 3787.587 Thread 0x0000022293f59610 Exception <a 'sun/nio/fs/WindowsException'{0x00000000d5bef470}> (0x00000000d5bef470) 
thrown [s\src\hotspot\share\prims\jni.cpp, line 520]

ZGC Phase Switch (0 events):
No events

VM Operations (20 events):
Event: 3786.455 Executing VM operation: RendezvousGCThreads
Event: 3786.455 Executing VM operation: RendezvousGCThreads done
Event: 3787.589 Executing VM operation: ParallelGCFailedAllocation (Allocation Failure)
Event: 3787.596 Executing VM operation: ParallelGCFailedAllocation (Allocation Failure) done
Event: 3788.604 Executing VM operation: Cleanup
Event: 3788.604 Executing VM operation: Cleanup done
Event: 3846.696 Executing VM operation: HandshakeAllThreads (HandshakeForDeflation)
Event: 3846.697 Executing VM operation: HandshakeAllThreads (HandshakeForDeflation) done
Event: 3846.697 Executing VM operation: RendezvousGCThreads
Event: 3846.697 Executing VM operation: RendezvousGCThreads done
Event: 3904.197 Executing VM operation: Cleanup
Event: 3904.197 Executing VM operation: Cleanup done
Event: 3906.955 Executing VM operation: HandshakeAllThreads (HandshakeForDeflation)
Event: 3906.955 Executing VM operation: HandshakeAllThreads (HandshakeForDeflation) done
Event: 3906.955 Executing VM operation: RendezvousGCThreads
Event: 3906.955 Executing VM operation: RendezvousGCThreads done
Event: 3967.012 Executing VM operation: HandshakeAllThreads (HandshakeForDeflation)
Event: 3967.012 Executing VM operation: HandshakeAllThreads (HandshakeForDeflation) done
Event: 3967.013 Executing VM operation: RendezvousGCThreads
Event: 3967.013 Executing VM operation: RendezvousGCThreads done

Memory protections (0 events):
No events

Nmethod flushes (20 events):
Event: 3488.843 Thread 0x0000022232ce4a40 flushing  nmethod 0x00000222381d4010
Event: 3488.843 Thread 0x0000022232ce4a40 flushing  nmethod 0x00000222381da590
Event: 3488.843 Thread 0x0000022232ce4a40 flushing  nmethod 0x00000222381e6a90
Event: 3488.843 Thread 0x0000022232ce4a40 flushing  nmethod 0x0000022238206e10
Event: 3488.843 Thread 0x0000022232ce4a40 flushing  nmethod 0x000002223822d690
Event: 3488.843 Thread 0x0000022232ce4a40 flushing  nmethod 0x0000022238239910
Event: 3488.843 Thread 0x0000022232ce4a40 flushing  nmethod 0x000002223823c490
Event: 3488.843 Thread 0x0000022232ce4a40 flushing  nmethod 0x0000022238243510
Event: 3488.843 Thread 0x0000022232ce4a40 flushing  nmethod 0x000002223825ad90
Event: 3488.843 Thread 0x0000022232ce4a40 flushing  nmethod 0x000002223827b790
Event: 3488.843 Thread 0x0000022232ce4a40 flushing  nmethod 0x0000022238294f90
Event: 3488.843 Thread 0x0000022232ce4a40 flushing  nmethod 0x00000222382be690
Event: 3488.843 Thread 0x0000022232ce4a40 flushing  nmethod 0x00000222382c7690
Event: 3488.843 Thread 0x0000022232ce4a40 flushing  nmethod 0x00000222382fee90
Event: 3488.843 Thread 0x0000022232ce4a40 flushing  nmethod 0x00000222383a0c90
Event: 3488.843 Thread 0x0000022232ce4a40 flushing  nmethod 0x00000222383bed90
Event: 3488.843 Thread 0x0000022232ce4a40 flushing  nmethod 0x000002223843ad90
Event: 3488.843 Thread 0x0000022232ce4a40 flushing  nmethod 0x0000022238484a90
Event: 3488.843 Thread 0x0000022232ce4a40 flushing  nmethod 0x00000222384d1390
Event: 3488.843 Thread 0x0000022232ce4a40 flushing  nmethod 0x000002223899e090

Events (20 events):
Event: 3749.754 Thread 0x00000222966abe40 Thread exited: 0x00000222966abe40
Event: 3787.584 Thread 0x0000022293f59610 Thread added: 0x00000222935f9be0
Event: 3787.586 Thread 0x00000222935f9be0 Thread exited: 0x00000222935f9be0
Event: 3787.588 Thread 0x0000022293f59610 Thread added: 0x00000222935f9be0
Event: 3787.596 Thread 0x00000222935f9be0 Thread exited: 0x00000222935f9be0
Event: 3834.130 Thread 0x0000022293f5de40 Thread exited: 0x0000022293f5de40
Event: 3847.731 Thread 0x0000022293f59610 Thread exited: 0x0000022293f59610
Event: 3847.731 Thread 0x00000222935f6760 Thread exited: 0x00000222935f6760
Event: 3855.737 Thread 0x0000022293f56820 Thread exited: 0x0000022293f56820
Event: 3860.096 Thread 0x0000022293f5a9c0 Thread exited: 0x0000022293f5a9c0
Event: 3861.194 Thread 0x0000022293f57540 Thread exited: 0x0000022293f57540
Event: 3915.300 Thread 0x00000222935f5a40 Thread exited: 0x00000222935f5a40
Event: 3923.954 Thread 0x0000022293f5b050 Thread exited: 0x0000022293f5b050
Event: 3924.999 Thread 0x0000022293f58260 Thread exited: 0x0000022293f58260
Event: 3926.054 Thread 0x00000222935f7480 Thread exited: 0x00000222935f7480
Event: 3928.504 Thread 0x00000222935f8830 Thread exited: 0x00000222935f8830
Event: 3929.562 Thread 0x00000222935f7b10 Thread exited: 0x00000222935f7b10
Event: 3937.602 Thread 0x00000222935f8ec0 Thread exited: 0x00000222935f8ec0
Event: 3938.660 Thread 0x00000222935f9550 Thread exited: 0x00000222935f9550
Event: 3975.313 Thread 0x0000022293f5bd70 Thread exited: 0x0000022293f5bd70


Dynamic libraries:
0x00007ff6e15a0000 - 0x00007ff6e15ae000 	c:\Users\tranl\.vscode\extensions\redhat.java-1.47.0-win32-x64\jre\21.0.8-win32-x86_64\bin\java.exe
0x00007ff9265a0000 - 0x00007ff926808000 	C:\WINDOWS\SYSTEM32\ntdll.dll
0x00007ff925e30000 - 0x00007ff925ef9000 	C:\WINDOWS\System32\KERNEL32.DLL
0x00007ff923d00000 - 0x00007ff9240f8000 	C:\WINDOWS\System32\KERNELBASE.dll
0x00007ff9236f0000 - 0x00007ff92383b000 	C:\WINDOWS\System32\ucrtbase.dll
0x00007ff91fa00000 - 0x00007ff91fa18000 	c:\Users\tranl\.vscode\extensions\redhat.java-1.47.0-win32-x64\jre\21.0.8-win32-x86_64\bin\jli.dll
0x00007ff91fa90000 - 0x00007ff91faae000 	c:\Users\tranl\.vscode\extensions\redhat.java-1.47.0-win32-x64\jre\21.0.8-win32-x86_64\bin\VCRUNTIME140.dll
0x00007ff925b80000 - 0x00007ff925d47000 	C:\WINDOWS\System32\USER32.dll
0x00007ff8fd770000 - 0x00007ff8fda04000 	C:\WINDOWS\WinSxS\amd64_microsoft.windows.common-controls_6595b64144ccf1df_6.0.26100.7019_none_3e06ffa0e335b8a8\COMCTL32.dll
0x00007ff924b80000 - 0x00007ff924c29000 	C:\WINDOWS\System32\msvcrt.dll
0x00007ff925e00000 - 0x00007ff925e2b000 	C:\WINDOWS\System32\GDI32.dll
0x00007ff9239d0000 - 0x00007ff923afc000 	C:\WINDOWS\System32\gdi32full.dll
0x00007ff923920000 - 0x00007ff9239c3000 	C:\WINDOWS\System32\msvcp_win.dll
0x00007ff9238f0000 - 0x00007ff923917000 	C:\WINDOWS\System32\win32u.dll
0x00007ff925030000 - 0x00007ff925061000 	C:\WINDOWS\System32\IMM32.DLL
0x00007ff90baa0000 - 0x00007ff90baac000 	c:\Users\tranl\.vscode\extensions\redhat.java-1.47.0-win32-x64\jre\21.0.8-win32-x86_64\bin\vcruntime140_1.dll
0x00007ff88bea0000 - 0x00007ff88bf2d000 	c:\Users\tranl\.vscode\extensions\redhat.java-1.47.0-win32-x64\jre\21.0.8-win32-x86_64\bin\msvcp140.dll
0x00007ff885540000 - 0x00007ff8862d7000 	c:\Users\tranl\.vscode\extensions\redhat.java-1.47.0-win32-x64\jre\21.0.8-win32-x86_64\bin\server\jvm.dll
0x00007ff9261a0000 - 0x00007ff926254000 	C:\WINDOWS\System32\ADVAPI32.dll
0x00007ff924f10000 - 0x00007ff924fb6000 	C:\WINDOWS\System32\sechost.dll
0x00007ff924c30000 - 0x00007ff924d48000 	C:\WINDOWS\System32\RPCRT4.dll
0x00007ff925d80000 - 0x00007ff925df4000 	C:\WINDOWS\System32\WS2_32.dll
0x00007ff923570000 - 0x00007ff9235ce000 	C:\WINDOWS\SYSTEM32\POWRPROF.dll
0x00007ff9201e0000 - 0x00007ff920215000 	C:\WINDOWS\SYSTEM32\WINMM.dll
0x00007ff90aba0000 - 0x00007ff90abab000 	C:\WINDOWS\SYSTEM32\VERSION.dll
0x00007ff923550000 - 0x00007ff923564000 	C:\WINDOWS\SYSTEM32\UMPDC.dll
0x00007ff9224b0000 - 0x00007ff9224cb000 	C:\WINDOWS\SYSTEM32\kernel.appcore.dll
0x00007ff90ba90000 - 0x00007ff90ba9a000 	c:\Users\tranl\.vscode\extensions\redhat.java-1.47.0-win32-x64\jre\21.0.8-win32-x86_64\bin\jimage.dll
0x00007ff920ed0000 - 0x00007ff921112000 	C:\WINDOWS\SYSTEM32\DBGHELP.DLL
0x00007ff9257d0000 - 0x00007ff925b5b000 	C:\WINDOWS\System32\combase.dll
0x00007ff9256f0000 - 0x00007ff9257c7000 	C:\WINDOWS\System32\OLEAUT32.dll
0x00007ff908640000 - 0x00007ff90867c000 	C:\WINDOWS\SYSTEM32\dbgcore.DLL
0x00007ff923840000 - 0x00007ff9238e5000 	C:\WINDOWS\System32\bcryptPrimitives.dll
0x00007ff90ba80000 - 0x00007ff90ba8f000 	c:\Users\tranl\.vscode\extensions\redhat.java-1.47.0-win32-x64\jre\21.0.8-win32-x86_64\bin\instrument.dll
0x00007ff898360000 - 0x00007ff89837f000 	c:\Users\tranl\.vscode\extensions\redhat.java-1.47.0-win32-x64\jre\21.0.8-win32-x86_64\bin\java.dll
0x00007ff924420000 - 0x00007ff924b71000 	C:\WINDOWS\System32\SHELL32.dll
0x00007ff923b00000 - 0x00007ff923c6b000 	C:\WINDOWS\System32\wintypes.dll
0x00007ff9212e0000 - 0x00007ff921b3d000 	C:\WINDOWS\SYSTEM32\windows.storage.dll
0x00007ff925f00000 - 0x00007ff925ff2000 	C:\WINDOWS\System32\SHCORE.dll
0x00007ff924fc0000 - 0x00007ff925027000 	C:\WINDOWS\System32\shlwapi.dll
0x00007ff923610000 - 0x00007ff923639000 	C:\WINDOWS\SYSTEM32\profapi.dll
0x00007ff892950000 - 0x00007ff892968000 	c:\Users\tranl\.vscode\extensions\redhat.java-1.47.0-win32-x64\jre\21.0.8-win32-x86_64\bin\zip.dll
0x00007ff90ba70000 - 0x00007ff90ba80000 	C:\Users\tranl\.vscode\extensions\redhat.java-1.47.0-win32-x64\jre\21.0.8-win32-x86_64\bin\net.dll
0x00007ff91b270000 - 0x00007ff91b398000 	C:\WINDOWS\SYSTEM32\WINHTTP.dll
0x00007ff922a20000 - 0x00007ff922a8b000 	C:\WINDOWS\system32\mswsock.dll
0x00007ff8923b0000 - 0x00007ff8923c6000 	C:\Users\tranl\.vscode\extensions\redhat.java-1.47.0-win32-x64\jre\21.0.8-win32-x86_64\bin\nio.dll
0x00007ff8eb7c0000 - 0x00007ff8eb7d0000 	c:\Users\tranl\.vscode\extensions\redhat.java-1.47.0-win32-x64\jre\21.0.8-win32-x86_64\bin\verify.dll
0x00007ff88be50000 - 0x00007ff88be94000 	C:\Users\tranl\AppData\Roaming\Code\User\globalStorage\redhat.java\1.47.0\config_win\org.eclipse.equinox.launcher\org.eclipse.equinox.launcher.win32.win32.x86_64_1.2.1400.v20250801-0854\eclipse_11916.dll
0x00007ff926000000 - 0x00007ff926197000 	C:\WINDOWS\System32\ole32.dll
0x00007ff922ce0000 - 0x00007ff922cfb000 	C:\WINDOWS\SYSTEM32\CRYPTSP.dll
0x00007ff922410000 - 0x00007ff92244a000 	C:\WINDOWS\system32\rsaenh.dll
0x00007ff922ad0000 - 0x00007ff922afb000 	C:\WINDOWS\SYSTEM32\USERENV.dll
0x00007ff9235e0000 - 0x00007ff92360a000 	C:\WINDOWS\SYSTEM32\bcrypt.dll
0x00007ff922d00000 - 0x00007ff922d0c000 	C:\WINDOWS\SYSTEM32\CRYPTBASE.dll
0x00007ff921e70000 - 0x00007ff921ea4000 	C:\WINDOWS\SYSTEM32\IPHLPAPI.DLL
0x00007ff924340000 - 0x00007ff92434a000 	C:\WINDOWS\System32\NSI.dll
0x00007ff88acd0000 - 0x00007ff88ad19000 	C:\Users\tranl\AppData\Local\Temp\jna-110621345\jna12813823657076591997.dll
0x00007ff925d70000 - 0x00007ff925d78000 	C:\WINDOWS\System32\PSAPI.DLL
0x00007ff91c450000 - 0x00007ff91c46e000 	C:\WINDOWS\SYSTEM32\dhcpcsvc6.DLL
0x00007ff91c1a0000 - 0x00007ff91c1c3000 	C:\WINDOWS\SYSTEM32\dhcpcsvc.DLL
0x00007ff8dee60000 - 0x00007ff8dee6e000 	C:\Users\tranl\.vscode\extensions\redhat.java-1.47.0-win32-x64\jre\21.0.8-win32-x86_64\bin\sunmscapi.dll
0x00007ff924100000 - 0x00007ff924277000 	C:\WINDOWS\System32\CRYPT32.dll
0x00007ff922f00000 - 0x00007ff922f30000 	C:\WINDOWS\SYSTEM32\ncrypt.dll
0x00007ff922eb0000 - 0x00007ff922eef000 	C:\WINDOWS\SYSTEM32\NTASN1.dll
0x00007ff9225d0000 - 0x00007ff922606000 	C:\WINDOWS\SYSTEM32\ntmarta.dll
0x00007ff921f00000 - 0x00007ff92202c000 	C:\WINDOWS\SYSTEM32\DNSAPI.dll
0x00007ff91ae80000 - 0x00007ff91ae8b000 	C:\Windows\System32\rasadhlp.dll
0x00007ff91c870000 - 0x00007ff91c8f6000 	C:\WINDOWS\System32\fwpuclnt.dll
0x00007ff91fa20000 - 0x00007ff91fa29000 	C:\Users\tranl\.vscode\extensions\redhat.java-1.47.0-win32-x64\jre\21.0.8-win32-x86_64\bin\extnet.dll

JVMTI agents:
c:\Users\tranl\.vscode\extensions\redhat.java-1.47.0-win32-x64\lombok\lombok-1.18.39-4050.jar path:c:\Users\tranl\.vscode\extensions\redhat.java-1.47.0-win32-x64\jre\21.0.8-win32-x86_64\bin\instrument.dll, loaded, initialized, instrumentlib options:none

dbghelp: loaded successfully - version: 4.0.5 - missing functions: none
symbol engine: initialized successfully - sym options: 0x614 - pdb path: .;c:\Users\tranl\.vscode\extensions\redhat.java-1.47.0-win32-x64\jre\21.0.8-win32-x86_64\bin;C:\WINDOWS\SYSTEM32;C:\WINDOWS\WinSxS\amd64_microsoft.windows.common-controls_6595b64144ccf1df_6.0.26100.7019_none_3e06ffa0e335b8a8;c:\Users\tranl\.vscode\extensions\redhat.java-1.47.0-win32-x64\jre\21.0.8-win32-x86_64\bin\server;C:\Users\tranl\AppData\Roaming\Code\User\globalStorage\redhat.java\1.47.0\config_win\org.eclipse.equinox.launcher\org.eclipse.equinox.launcher.win32.win32.x86_64_1.2.1400.v20250801-0854;C:\Users\tranl\AppData\Local\Temp\jna-110621345

VM Arguments:
jvm_args: --add-modules=ALL-SYSTEM --add-opens=java.base/java.util=ALL-UNNAMED --add-opens=java.base/java.lang=ALL-UNNAMED --add-opens=java.base/sun.nio.fs=ALL-UNNAMED -Declipse.application=org.eclipse.jdt.ls.core.id1 -Dosgi.bundles.defaultStartLevel=4 -Declipse.product=org.eclipse.jdt.ls.core.product -Djava.import.generatesMetadataFilesAtProjectRoot=false -DDetectVMInstallationsJob.disabled=true -Dfile.encoding=utf8 -XX:+UseParallelGC -XX:GCTimeRatio=4 -XX:AdaptiveSizePolicyWeight=90 -Dsun.zip.disableMemoryMapping=true -Xmx2G -Xms100m -Xlog:disable -javaagent:c:\Users\tranl\.vscode\extensions\redhat.java-1.47.0-win32-x64\lombok\lombok-1.18.39-4050.jar -XX:+HeapDumpOnOutOfMemoryError -XX:HeapDumpPath=c:\Users\tranl\AppData\Roaming\Code\User\workspaceStorage\0729dae12c055ece94a63a1e2ab3123f\redhat.java -Daether.dependencyCollector.impl=bf 
java_command: c:\Users\tranl\.vscode\extensions\redhat.java-1.47.0-win32-x64\server\plugins\org.eclipse.equinox.launcher_1.7.100.v20251014-1222.jar -configuration c:\Users\tranl\AppData\Roaming\Code\User\globalStorage\redhat.java\1.47.0\config_win -data c:\Users\tranl\AppData\Roaming\Code\User\workspaceStorage\0729dae12c055ece94a63a1e2ab3123f\redhat.java\jdt_ws --pipe=\\.\pipe\lsp-e351251cd6b31a7d37f760a8c56c928f-sock
java_class_path (initial): c:\Users\tranl\.vscode\extensions\redhat.java-1.47.0-win32-x64\server\plugins\org.eclipse.equinox.launcher_1.7.100.v20251014-1222.jar
Launcher Type: SUN_STANDARD

[Global flags]
    uintx AdaptiveSizePolicyWeight                 = 90                                        {product} {command line}
     intx CICompilerCount                          = 4                                         {product} {ergonomic}
    uintx GCTimeRatio                              = 4                                         {product} {command line}
     bool HeapDumpOnOutOfMemoryError               = true                                   {manageable} {command line}
    ccstr HeapDumpPath                             = c:\Users\tranl\AppData\Roaming\Code\User\workspaceStorage\0729dae12c055ece94a63a1e2ab3123f\redhat.java         {manageable} {command line}
   size_t InitialHeapSize                          = 104857600                                 {product} {command line}
   size_t MaxHeapSize                              = 2147483648                                {product} {command line}
   size_t MaxNewSize                               = 715653120                                 {product} {ergonomic}
   size_t MinHeapDeltaBytes                        = 524288                                    {product} {ergonomic}
   size_t MinHeapSize                              = 104857600                                 {product} {command line}
   size_t NewSize                                  = 34603008                                  {product} {ergonomic}
    uintx NonNMethodCodeHeapSize                   = 5839372                                {pd product} {ergonomic}
    uintx NonProfiledCodeHeapSize                  = 122909434                              {pd product} {ergonomic}
   size_t OldSize                                  = 70254592                                  {product} {ergonomic}
    uintx ProfiledCodeHeapSize                     = 122909434                              {pd product} {ergonomic}
    uintx ReservedCodeCacheSize                    = 251658240                              {pd product} {ergonomic}
     bool SegmentedCodeCache                       = true                                      {product} {ergonomic}
   size_t SoftMaxHeapSize                          = 2147483648                             {manageable} {ergonomic}
     bool UseCompressedOops                        = true                           {product lp64_product} {ergonomic}
     bool UseLargePagesIndividualAllocation        = false                                  {pd product} {ergonomic}
     bool UseParallelGC                            = true                                      {product} {command line}

Logging:
Log output configuration:
 #0: stdout all=off uptime,level,tags foldmultilines=false
 #1: stderr all=off uptime,level,tags foldmultilines=false

Environment Variables:
PATH=C:\Program Files\Common Files\Oracle\Java\javapath;C:\Program Files\nodejs\;C:\Windows\System32;C:\Windows;C:\Windows\System32\Wbem;C:\Windows\System32\WindowsPowerShell\v1.0\;C:\Users\tranl\AppData\Roaming\npm;C:\Program Files\Git\cmd;D:\Tools\apache-maven-3.9.11\bin;%JAVA_HOME%\bin;C:\Program Files\Java\jdk-24;C:\Program Files\Common Files\Oracle\Java\javapath;C:\Program Files\nodejs\;C:\Windows\System32;C:\Windows;C:\Windows\System32\Wbem;C:\Windows\System32\WindowsPowerShell\v1.0\;C:\Users\tranl\AppData\Roaming\npm;C:\Program Files\Git\cmd;D:\Tools\apache-maven-3.9.11\bin;%JAVA_HOME%\bin;C:\Program Files\Java\jdk-24;;C:\Program Files\nodejs"
USERNAME=tranl
OS=Windows_NT
PROCESSOR_IDENTIFIER=Intel64 Family 6 Model 186 Stepping 3, GenuineIntel
TMP=C:\Users\tranl\AppData\Local\Temp
TEMP=C:\Users\tranl\AppData\Local\Temp




Periodic native trim disabled

---------------  S Y S T E M  ---------------

OS:
 Windows 11 , 64 bit Build 26100 (10.0.26100.7019)
OS uptime: 8 days 3:06 hours
Hyper-V role detected

CPU: total 12 (initial active 12) (6 cores per cpu, 2 threads per core) family 6 model 186 stepping 3 microcode 0x4128, cx8, cmov, fxsr, ht, mmx, 3dnowpref, sse, sse2, sse3, ssse3, sse4.1, sse4.2, popcnt, lzcnt, tsc, tscinvbit, avx, avx2, aes, erms, clmul, bmi1, bmi2, adx, sha, fma, vzeroupper, clflush, clflushopt, clwb, hv, serialize, rdtscp, rdpid, fsrm, f16c, cet_ibt, cet_ss
Processor Information for the first 12 processors :
  Max Mhz: 1300, Current Mhz: 1300, Mhz Limit: 1300

Memory: 4k page, system-wide physical 16068M (1140M free)
TotalPageFile size 29322M (AvailPageFile size 0M)
current process WorkingSet (physical memory assigned to process): 1338M, peak: 1673M
current process commit charge ("private bytes"): 1334M, peak: 1747M

vm_info: OpenJDK 64-Bit Server VM (21.0.8+9-LTS) for windows-amd64 JRE (21.0.8+9-LTS), built on 2025-07-15T00:00:00Z by "admin" with MS VC++ 17.7 (VS2022)

END.
